This is pdfTeX, Version 3.14159265-2.6-1.40.18 (TeX Live 2017/Arch Linux) (preloaded format=pdflatex 2017.11.16)  23 NOV 2017 13:51
entering extended mode
 \write18 enabled.
 %&-line parsing enabled.
**print.tex
(./print.tex
LaTeX2e <2017-04-15>
Babel <3.15> and hyphenation patterns for 84 language(s) loaded.
(/usr/share/texmf-dist/tex/latex/base/report.cls
Document Class: report 2014/09/29 v1.4h Standard LaTeX document class
(/usr/share/texmf-dist/tex/latex/base/size10.clo
File: size10.clo 2014/09/29 v1.4h Standard LaTeX file (size option)
)
\c@part=\count79
\c@chapter=\count80
\c@section=\count81
\c@subsection=\count82
\c@subsubsection=\count83
\c@paragraph=\count84
\c@subparagraph=\count85
\c@figure=\count86
\c@table=\count87
\abovecaptionskip=\skip41
\belowcaptionskip=\skip42
\bibindent=\dimen102
) (/usr/share/texmf-dist/tex/latex/pdfpages/pdfpages.sty
Package: pdfpages 2017/10/31 v0.5l Insert pages of external PDF documents (AM)
 (/usr/share/texmf-dist/tex/latex/base/ifthen.sty
Package: ifthen 2014/09/29 v1.1c Standard LaTeX ifthen package (DPC)
) (/usr/share/texmf-dist/tex/latex/tools/calc.sty
Package: calc 2014/10/28 v4.3 Infix arithmetic (KKT,FJ)
\calc@Acount=\count88
\calc@Bcount=\count89
\calc@Adimen=\dimen103
\calc@Bdimen=\dimen104
\calc@Askip=\skip43
\calc@Bskip=\skip44
LaTeX Info: Redefining \setlength on input line 80.
LaTeX Info: Redefining \addtolength on input line 81.
\calc@Ccount=\count90
\calc@Cskip=\skip45
) (/usr/share/texmf-dist/tex/latex/eso-pic/eso-pic.sty
Package: eso-pic 2015/07/21 v2.0g eso-pic (RN)
 (/usr/share/texmf-dist/tex/generic/oberdiek/atbegshi.sty
Package: atbegshi 2016/06/09 v1.18 At begin shipout hook (HO)
 (/usr/share/texmf-dist/tex/generic/oberdiek/infwarerr.sty
Package: infwarerr 2016/05/16 v1.4 Providing info/warning/error messages (HO)
) (/usr/share/texmf-dist/tex/generic/oberdiek/ltxcmds.sty
Package: ltxcmds 2016/05/16 v1.23 LaTeX kernel commands for general use (HO)
) (/usr/share/texmf-dist/tex/generic/oberdiek/ifpdf.sty
Package: ifpdf 2017/03/15 v3.2 Provides the ifpdf switch
)) (/usr/share/texmf-dist/tex/latex/graphics/keyval.sty
Package: keyval 2014/10/28 v1.15 key=value parser (DPC)
\KV@toks@=\toks14
) (/usr/share/texmf-dist/tex/latex/xcolor/xcolor.sty
Package: xcolor 2016/05/11 v2.12 LaTeX color extensions (UK)
 (/usr/share/texmf-dist/tex/latex/graphics-cfg/color.cfg
File: color.cfg 2016/01/02 v1.6 sample color configuration
)
Package xcolor Info: Driver file: pdftex.def on input line 225.
 (/usr/share/texmf-dist/tex/latex/graphics-def/pdftex.def
File: pdftex.def 2017/06/24 v1.0g Graphics/color driver for pdftex
)
Package xcolor Info: Model `cmy' substituted by `cmy0' on input line 1348.
Package xcolor Info: Model `hsb' substituted by `rgb' on input line 1352.
Package xcolor Info: Model `RGB' extended on input line 1364.
Package xcolor Info: Model `HTML' substituted by `rgb' on input line 1366.
Package xcolor Info: Model `Hsb' substituted by `hsb' on input line 1367.
Package xcolor Info: Model `tHsb' substituted by `hsb' on input line 1368.
Package xcolor Info: Model `HSB' substituted by `hsb' on input line 1369.
Package xcolor Info: Model `Gray' substituted by `gray' on input line 1370.
Package xcolor Info: Model `wave' substituted by `hsb' on input line 1371.
)) (/usr/share/texmf-dist/tex/latex/graphics/graphicx.sty
Package: graphicx 2017/06/01 v1.1a Enhanced LaTeX Graphics (DPC,SPQR)
 (/usr/share/texmf-dist/tex/latex/graphics/graphics.sty
Package: graphics 2017/06/25 v1.2c Standard LaTeX Graphics (DPC,SPQR)
 (/usr/share/texmf-dist/tex/latex/graphics/trig.sty
Package: trig 2016/01/03 v1.10 sin cos tan (DPC)
) (/usr/share/texmf-dist/tex/latex/graphics-cfg/graphics.cfg
File: graphics.cfg 2016/06/04 v1.11 sample graphics configuration
)
Package graphics Info: Driver file: pdftex.def on input line 99.
)
\Gin@req@height=\dimen105
\Gin@req@width=\dimen106
)
\AM@pagewidth=\dimen107
\AM@pageheight=\dimen108
 (/usr/share/texmf-dist/tex/latex/pdfpages/pppdftex.def
File: pppdftex.def 2017/10/31 v0.5l Pdfpages driver for pdfTeX (AM)
)
\AM@pagebox=\box26
\AM@global@opts=\toks15
\AM@toc@title=\toks16
\c@AM@survey=\count91
\AM@templatesizebox=\box27
) (/usr/share/texmf-dist/tex/latex/fancyhdr/fancyhdr.sty
Package: fancyhdr 2017/06/30 v3.9a Extensive control of page headers and footers
\f@nch@headwidth=\skip46
\f@nch@O@elh=\skip47
\f@nch@O@erh=\skip48
\f@nch@O@olh=\skip49
\f@nch@O@orh=\skip50
\f@nch@O@elf=\skip51
\f@nch@O@erf=\skip52
\f@nch@O@olf=\skip53
\f@nch@O@orf=\skip54
) (./print.aux)
\openout1 = `print.aux'.

LaTeX Font Info:    Checking defaults for OML/cmm/m/it on input line 26.
LaTeX Font Info:    ... okay on input line 26.
LaTeX Font Info:    Checking defaults for T1/cmr/m/n on input line 26.
LaTeX Font Info:    ... okay on input line 26.
LaTeX Font Info:    Checking defaults for OT1/cmr/m/n on input line 26.
LaTeX Font Info:    ... okay on input line 26.
LaTeX Font Info:    Checking defaults for OMS/cmsy/m/n on input line 26.
LaTeX Font Info:    ... okay on input line 26.
LaTeX Font Info:    Checking defaults for OMX/cmex/m/n on input line 26.
LaTeX Font Info:    ... okay on input line 26.
LaTeX Font Info:    Checking defaults for U/cmr/m/n on input line 26.
LaTeX Font Info:    ... okay on input line 26.
\AtBeginShipoutBox=\box28
 (/usr/share/texmf-dist/tex/context/base/mkii/supp-pdf.mkii
[Loading MPS to PDF converter (version 2006.09.02).]
\scratchcounter=\count92
\scratchdimen=\dimen109
\scratchbox=\box29
\nofMPsegments=\count93
\nofMParguments=\count94
\everyMPshowfont=\toks17
\MPscratchCnt=\count95
\MPscratchDim=\dimen110
\MPnumerator=\count96
\makeMPintoPDFobject=\count97
\everyMPtoPDFconversion=\toks18
) (/usr/share/texmf-dist/tex/latex/oberdiek/epstopdf-base.sty
Package: epstopdf-base 2016/05/15 v2.6 Base part for package epstopdf
 (/usr/share/texmf-dist/tex/latex/oberdiek/grfext.sty
Package: grfext 2016/05/16 v1.2 Manage graphics extensions (HO)
 (/usr/share/texmf-dist/tex/generic/oberdiek/kvdefinekeys.sty
Package: kvdefinekeys 2016/05/16 v1.4 Define keys (HO)
)) (/usr/share/texmf-dist/tex/latex/oberdiek/kvoptions.sty
Package: kvoptions 2016/05/16 v3.12 Key value format for package options (HO)
 (/usr/share/texmf-dist/tex/generic/oberdiek/kvsetkeys.sty
Package: kvsetkeys 2016/05/16 v1.17 Key value parser (HO)
 (/usr/share/texmf-dist/tex/generic/oberdiek/etexcmds.sty
Package: etexcmds 2016/05/16 v1.6 Avoid name clashes with e-TeX commands (HO)
 (/usr/share/texmf-dist/tex/generic/oberdiek/ifluatex.sty
Package: ifluatex 2016/05/16 v1.4 Provides the ifluatex switch (HO)
Package ifluatex Info: LuaTeX not detected.
)
Package etexcmds Info: Could not find \expanded.
(etexcmds)             That can mean that you are not using pdfTeX 1.50 or
(etexcmds)             that some package has redefined \expanded.
(etexcmds)             In the latter case, load this package earlier.
))) (/usr/share/texmf-dist/tex/generic/oberdiek/pdftexcmds.sty
Package: pdftexcmds 2017/03/19 v0.25 Utility functions of pdfTeX for LuaTeX (HO)
Package pdftexcmds Info: LuaTeX not detected.
Package pdftexcmds Info: \pdf@primitive is available.
Package pdftexcmds Info: \pdf@ifprimitive is available.
Package pdftexcmds Info: \pdfdraftmode found.
)
Package epstopdf-base Info: Redefining graphics rule for `.eps' on input line 438.
Package grfext Info: Graphics extension search list:
(grfext)             [.pdf,.png,.jpg,.mps,.jpeg,.jbig2,.jb2,.PDF,.PNG,.JPG,.JPEG,.JBIG2,.JB2,.eps]
(grfext)             \AppendGraphicsExtensions on input line 456.
 (/usr/share/texmf-dist/tex/latex/latexconfig/epstopdf-sys.cfg
File: epstopdf-sys.cfg 2010/07/13 v1.3 Configuration of (r)epstopdf for TeX Live
)) (/usr/share/texmf-dist/tex/latex/oberdiek/pdflscape.sty
Package: pdflscape 2016/05/14 v0.11 Display of landscape pages in PDF (HO)
 (/usr/share/texmf-dist/tex/latex/graphics/lscape.sty
Package: lscape 2000/10/22 v3.01 Landscape Pages (DPC)
)
Package pdflscape Info: Auto-detected driver: pdftex on input line 81.
 (/usr/share/texmf-dist/tex/generic/ifxetex/ifxetex.sty
Package: ifxetex 2010/09/12 v0.6 Provides ifxetex conditional
))
<UPC.pdf, id=1, pagebox=cropbox, 845.0471pt x 597.50829pt>
File: UPC.pdf Graphic file (type pdf)
<use UPC.pdf>
Package pdftex.def Info: UPC.pdf  used on input line 27. on input line 27.
Package pdftex.def Info: Requested size: 845.04504pt x 597.50682pt on input line 27.
File: UPC.pdf Graphic file (type pdf)
<use UPC.pdf>
Package pdftex.def Info: UPC.pdf  used on input line 27. on input line 27.
Package pdftex.def Info: Requested size: 845.04504pt x 597.50682pt on input line 27.
<UPC.pdf, id=4, page=1, pagebox=cropbox, 845.0471pt x 597.50829pt>
File: UPC.pdf Graphic file (type pdf)
<use UPC.pdf, page 1>
Package pdftex.def Info: UPC.pdf , page1 used on input line 27. on input line 27.
Package pdftex.def Info: Requested size: 845.04504pt x 597.50682pt on input line 27.
File: UPC.pdf Graphic file (type pdf)
<use UPC.pdf, page 1>
Package pdftex.def Info: UPC.pdf , page1 used on input line 27. on input line 27.
Package pdftex.def Info: Requested size: 597.53772pt x 422.50157pt on input line 27.
File: UPC.pdf Graphic file (type pdf)
<use UPC.pdf, page 1>
Package pdftex.def Info: UPC.pdf , page1 used on input line 27. on input line 27.
Package pdftex.def Info: Requested size: 597.53772pt x 422.50157pt on input line 27.
File: UPC.pdf Graphic file (type pdf)
<use UPC.pdf, page 1>
Package pdftex.def Info: UPC.pdf , page1 used on input line 27. on input line 27.
Package pdftex.def Info: Requested size: 597.53772pt x 422.50157pt on input line 27.
File: UPC.pdf Graphic file (type pdf)
<use UPC.pdf, page 1>
Package pdftex.def Info: UPC.pdf , page1 used on input line 27. on input line 27.
Package pdftex.def Info: Requested size: 597.53772pt x 422.50157pt on input line 27.
 [1

 <./UPC.pdf{/var/lib/texmf/fonts/map/pdftex/updmap/pdftex.map}>]
File: UPC.pdf Graphic file (type pdf)
<use UPC.pdf>
Package pdftex.def Info: UPC.pdf  used on input line 29. on input line 29.
Package pdftex.def Info: Requested size: 845.04504pt x 597.50682pt on input line 29.
File: UPC.pdf Graphic file (type pdf)
<use UPC.pdf>
Package pdftex.def Info: UPC.pdf  used on input line 29. on input line 29.
Package pdftex.def Info: Requested size: 845.04504pt x 597.50682pt on input line 29.
<UPC.pdf, id=26, page=2, pagebox=cropbox, 845.0471pt x 597.50829pt>
File: UPC.pdf Graphic file (type pdf)
<use UPC.pdf, page 2>
Package pdftex.def Info: UPC.pdf , page2 used on input line 29. on input line 29.
Package pdftex.def Info: Requested size: 845.04504pt x 597.50682pt on input line 29.
File: UPC.pdf Graphic file (type pdf)
<use UPC.pdf, page 2>
Package pdftex.def Info: UPC.pdf , page2 used on input line 29. on input line 29.
Package pdftex.def Info: Requested size: 845.04504pt x 597.50682pt on input line 29.
File: UPC.pdf Graphic file (type pdf)
<use UPC.pdf, page 2>
Package pdftex.def Info: UPC.pdf , page2 used on input line 29. on input line 29.
Package pdftex.def Info: Requested size: 845.04504pt x 597.50682pt on input line 29.
File: UPC.pdf Graphic file (type pdf)
<use UPC.pdf, page 2>
Package pdftex.def Info: UPC.pdf , page2 used on input line 29. on input line 29.
Package pdftex.def Info: Requested size: 845.04504pt x 597.50682pt on input line 29.
File: UPC.pdf Graphic file (type pdf)
<use UPC.pdf, page 2>
Package pdftex.def Info: UPC.pdf , page2 used on input line 29. on input line 29.
Package pdftex.def Info: Requested size: 845.04504pt x 597.50682pt on input line 29.
 [1 <./UPC.pdf>]
<UPC.pdf, id=91, page=3, pagebox=cropbox, 845.0471pt x 597.50829pt>
File: UPC.pdf Graphic file (type pdf)
<use UPC.pdf, page 3>
Package pdftex.def Info: UPC.pdf , page3 used on input line 29. on input line 29.
Package pdftex.def Info: Requested size: 845.04504pt x 597.50682pt on input line 29.
File: UPC.pdf Graphic file (type pdf)
<use UPC.pdf, page 3>
Package pdftex.def Info: UPC.pdf , page3 used on input line 29. on input line 29.
Package pdftex.def Info: Requested size: 845.04504pt x 597.50682pt on input line 29.
File: UPC.pdf Graphic file (type pdf)
<use UPC.pdf, page 3>
Package pdftex.def Info: UPC.pdf , page3 used on input line 29. on input line 29.
Package pdftex.def Info: Requested size: 845.04504pt x 597.50682pt on input line 29.
 [2 <./UPC.pdf>]
<UPC.pdf, id=267, page=4, pagebox=cropbox, 845.0471pt x 597.50829pt>
File: UPC.pdf Graphic file (type pdf)
<use UPC.pdf, page 4>
Package pdftex.def Info: UPC.pdf , page4 used on input line 29. on input line 29.
Package pdftex.def Info: Requested size: 845.04504pt x 597.50682pt on input line 29.
File: UPC.pdf Graphic file (type pdf)
<use UPC.pdf, page 4>
Package pdftex.def Info: UPC.pdf , page4 used on input line 29. on input line 29.
Package pdftex.def Info: Requested size: 845.04504pt x 597.50682pt on input line 29.
File: UPC.pdf Graphic file (type pdf)
<use UPC.pdf, page 4>
Package pdftex.def Info: UPC.pdf , page4 used on input line 29. on input line 29.
Package pdftex.def Info: Requested size: 845.04504pt x 597.50682pt on input line 29.
 [3 <./UPC.pdf>]
<UPC.pdf, id=301, page=5, pagebox=cropbox, 845.0471pt x 597.50829pt>
File: UPC.pdf Graphic file (type pdf)
<use UPC.pdf, page 5>
Package pdftex.def Info: UPC.pdf , page5 used on input line 29. on input line 29.
Package pdftex.def Info: Requested size: 845.04504pt x 597.50682pt on input line 29.
File: UPC.pdf Graphic file (type pdf)
<use UPC.pdf, page 5>
Package pdftex.def Info: UPC.pdf , page5 used on input line 29. on input line 29.
Package pdftex.def Info: Requested size: 845.04504pt x 597.50682pt on input line 29.
File: UPC.pdf Graphic file (type pdf)
<use UPC.pdf, page 5>
Package pdftex.def Info: UPC.pdf , page5 used on input line 29. on input line 29.
Package pdftex.def Info: Requested size: 845.04504pt x 597.50682pt on input line 29.
 [4 <./UPC.pdf>]
<UPC.pdf, id=310, page=6, pagebox=cropbox, 845.0471pt x 597.50829pt>
File: UPC.pdf Graphic file (type pdf)
<use UPC.pdf, page 6>
Package pdftex.def Info: UPC.pdf , page6 used on input line 29. on input line 29.
Package pdftex.def Info: Requested size: 845.04504pt x 597.50682pt on input line 29.
File: UPC.pdf Graphic file (type pdf)
<use UPC.pdf, page 6>
Package pdftex.def Info: UPC.pdf , page6 used on input line 29. on input line 29.
Package pdftex.def Info: Requested size: 845.04504pt x 597.50682pt on input line 29.
File: UPC.pdf Graphic file (type pdf)
<use UPC.pdf, page 6>
Package pdftex.def Info: UPC.pdf , page6 used on input line 29. on input line 29.
Package pdftex.def Info: Requested size: 845.04504pt x 597.50682pt on input line 29.
 [5 <./UPC.pdf>]
<UPC.pdf, id=314, page=7, pagebox=cropbox, 845.0471pt x 597.50829pt>
File: UPC.pdf Graphic file (type pdf)
<use UPC.pdf, page 7>
Package pdftex.def Info: UPC.pdf , page7 used on input line 29. on input line 29.
Package pdftex.def Info: Requested size: 845.04504pt x 597.50682pt on input line 29.
File: UPC.pdf Graphic file (type pdf)
<use UPC.pdf, page 7>
Package pdftex.def Info: UPC.pdf , page7 used on input line 29. on input line 29.
Package pdftex.def Info: Requested size: 845.04504pt x 597.50682pt on input line 29.
File: UPC.pdf Graphic file (type pdf)
<use UPC.pdf, page 7>
Package pdftex.def Info: UPC.pdf , page7 used on input line 29. on input line 29.
Package pdftex.def Info: Requested size: 845.04504pt x 597.50682pt on input line 29.
 [6 <./UPC.pdf>]
<UPC.pdf, id=319, page=8, pagebox=cropbox, 845.0471pt x 597.50829pt>
File: UPC.pdf Graphic file (type pdf)
<use UPC.pdf, page 8>
Package pdftex.def Info: UPC.pdf , page8 used on input line 29. on input line 29.
Package pdftex.def Info: Requested size: 845.04504pt x 597.50682pt on input line 29.
File: UPC.pdf Graphic file (type pdf)
<use UPC.pdf, page 8>
Package pdftex.def Info: UPC.pdf , page8 used on input line 29. on input line 29.
Package pdftex.def Info: Requested size: 845.04504pt x 597.50682pt on input line 29.
File: UPC.pdf Graphic file (type pdf)
<use UPC.pdf, page 8>
Package pdftex.def Info: UPC.pdf , page8 used on input line 29. on input line 29.
Package pdftex.def Info: Requested size: 845.04504pt x 597.50682pt on input line 29.
 [7 <./UPC.pdf>]
<UPC.pdf, id=323, page=9, pagebox=cropbox, 845.0471pt x 597.50829pt>
File: UPC.pdf Graphic file (type pdf)
<use UPC.pdf, page 9>
Package pdftex.def Info: UPC.pdf , page9 used on input line 29. on input line 29.
Package pdftex.def Info: Requested size: 845.04504pt x 597.50682pt on input line 29.
File: UPC.pdf Graphic file (type pdf)
<use UPC.pdf, page 9>
Package pdftex.def Info: UPC.pdf , page9 used on input line 29. on input line 29.
Package pdftex.def Info: Requested size: 845.04504pt x 597.50682pt on input line 29.
File: UPC.pdf Graphic file (type pdf)
<use UPC.pdf, page 9>
Package pdftex.def Info: UPC.pdf , page9 used on input line 29. on input line 29.
Package pdftex.def Info: Requested size: 845.04504pt x 597.50682pt on input line 29.
 [8 <./UPC.pdf>]
<UPC.pdf, id=328, page=10, pagebox=cropbox, 845.0471pt x 597.50829pt>
File: UPC.pdf Graphic file (type pdf)
<use UPC.pdf, page 10>
Package pdftex.def Info: UPC.pdf , page10 used on input line 29. on input line 29.
Package pdftex.def Info: Requested size: 845.04504pt x 597.50682pt on input line 29.
File: UPC.pdf Graphic file (type pdf)
<use UPC.pdf, page 10>
Package pdftex.def Info: UPC.pdf , page10 used on input line 29. on input line 29.
Package pdftex.def Info: Requested size: 845.04504pt x 597.50682pt on input line 29.
File: UPC.pdf Graphic file (type pdf)
<use UPC.pdf, page 10>
Package pdftex.def Info: UPC.pdf , page10 used on input line 29. on input line 29.
Package pdftex.def Info: Requested size: 845.04504pt x 597.50682pt on input line 29.
 [9 <./UPC.pdf>]
<UPC.pdf, id=332, page=11, pagebox=cropbox, 845.0471pt x 597.50829pt>
File: UPC.pdf Graphic file (type pdf)
<use UPC.pdf, page 11>
Package pdftex.def Info: UPC.pdf , page11 used on input line 29. on input line 29.
Package pdftex.def Info: Requested size: 845.04504pt x 597.50682pt on input line 29.
File: UPC.pdf Graphic file (type pdf)
<use UPC.pdf, page 11>
Package pdftex.def Info: UPC.pdf , page11 used on input line 29. on input line 29.
Package pdftex.def Info: Requested size: 845.04504pt x 597.50682pt on input line 29.
File: UPC.pdf Graphic file (type pdf)
<use UPC.pdf, page 11>
Package pdftex.def Info: UPC.pdf , page11 used on input line 29. on input line 29.
Package pdftex.def Info: Requested size: 845.04504pt x 597.50682pt on input line 29.
 [10 <./UPC.pdf>]
<UPC.pdf, id=336, page=12, pagebox=cropbox, 845.0471pt x 597.50829pt>
File: UPC.pdf Graphic file (type pdf)
<use UPC.pdf, page 12>
Package pdftex.def Info: UPC.pdf , page12 used on input line 29. on input line 29.
Package pdftex.def Info: Requested size: 845.04504pt x 597.50682pt on input line 29.
File: UPC.pdf Graphic file (type pdf)
<use UPC.pdf, page 12>
Package pdftex.def Info: UPC.pdf , page12 used on input line 29. on input line 29.
Package pdftex.def Info: Requested size: 845.04504pt x 597.50682pt on input line 29.
File: UPC.pdf Graphic file (type pdf)
<use UPC.pdf, page 12>
Package pdftex.def Info: UPC.pdf , page12 used on input line 29. on input line 29.
Package pdftex.def Info: Requested size: 845.04504pt x 597.50682pt on input line 29.
 [11 <./UPC.pdf>]
<UPC.pdf, id=340, page=13, pagebox=cropbox, 845.0471pt x 597.50829pt>
File: UPC.pdf Graphic file (type pdf)
<use UPC.pdf, page 13>
Package pdftex.def Info: UPC.pdf , page13 used on input line 29. on input line 29.
Package pdftex.def Info: Requested size: 845.04504pt x 597.50682pt on input line 29.
File: UPC.pdf Graphic file (type pdf)
<use UPC.pdf, page 13>
Package pdftex.def Info: UPC.pdf , page13 used on input line 29. on input line 29.
Package pdftex.def Info: Requested size: 845.04504pt x 597.50682pt on input line 29.
File: UPC.pdf Graphic file (type pdf)
<use UPC.pdf, page 13>
Package pdftex.def Info: UPC.pdf , page13 used on input line 29. on input line 29.
Package pdftex.def Info: Requested size: 845.04504pt x 597.50682pt on input line 29.
 [12 <./UPC.pdf>]
<UPC.pdf, id=345, page=14, pagebox=cropbox, 845.0471pt x 597.50829pt>
File: UPC.pdf Graphic file (type pdf)
<use UPC.pdf, page 14>
Package pdftex.def Info: UPC.pdf , page14 used on input line 29. on input line 29.
Package pdftex.def Info: Requested size: 845.04504pt x 597.50682pt on input line 29.
File: UPC.pdf Graphic file (type pdf)
<use UPC.pdf, page 14>
Package pdftex.def Info: UPC.pdf , page14 used on input line 29. on input line 29.
Package pdftex.def Info: Requested size: 845.04504pt x 597.50682pt on input line 29.
File: UPC.pdf Graphic file (type pdf)
<use UPC.pdf, page 14>
Package pdftex.def Info: UPC.pdf , page14 used on input line 29. on input line 29.
Package pdftex.def Info: Requested size: 845.04504pt x 597.50682pt on input line 29.
 [13 <./UPC.pdf>]
<UPC.pdf, id=349, page=15, pagebox=cropbox, 845.0471pt x 597.50829pt>
File: UPC.pdf Graphic file (type pdf)
<use UPC.pdf, page 15>
Package pdftex.def Info: UPC.pdf , page15 used on input line 29. on input line 29.
Package pdftex.def Info: Requested size: 845.04504pt x 597.50682pt on input line 29.
File: UPC.pdf Graphic file (type pdf)
<use UPC.pdf, page 15>
Package pdftex.def Info: UPC.pdf , page15 used on input line 29. on input line 29.
Package pdftex.def Info: Requested size: 845.04504pt x 597.50682pt on input line 29.
File: UPC.pdf Graphic file (type pdf)
<use UPC.pdf, page 15>
Package pdftex.def Info: UPC.pdf , page15 used on input line 29. on input line 29.
Package pdftex.def Info: Requested size: 845.04504pt x 597.50682pt on input line 29.
 [14 <./UPC.pdf>]
<UPC.pdf, id=353, page=16, pagebox=cropbox, 845.0471pt x 597.50829pt>
File: UPC.pdf Graphic file (type pdf)
<use UPC.pdf, page 16>
Package pdftex.def Info: UPC.pdf , page16 used on input line 29. on input line 29.
Package pdftex.def Info: Requested size: 845.04504pt x 597.50682pt on input line 29.
File: UPC.pdf Graphic file (type pdf)
<use UPC.pdf, page 16>
Package pdftex.def Info: UPC.pdf , page16 used on input line 29. on input line 29.
Package pdftex.def Info: Requested size: 845.04504pt x 597.50682pt on input line 29.
File: UPC.pdf Graphic file (type pdf)
<use UPC.pdf, page 16>
Package pdftex.def Info: UPC.pdf , page16 used on input line 29. on input line 29.
Package pdftex.def Info: Requested size: 845.04504pt x 597.50682pt on input line 29.
 [15 <./UPC.pdf>]
<UPC.pdf, id=357, page=17, pagebox=cropbox, 845.0471pt x 597.50829pt>
File: UPC.pdf Graphic file (type pdf)
<use UPC.pdf, page 17>
Package pdftex.def Info: UPC.pdf , page17 used on input line 29. on input line 29.
Package pdftex.def Info: Requested size: 845.04504pt x 597.50682pt on input line 29.
File: UPC.pdf Graphic file (type pdf)
<use UPC.pdf, page 17>
Package pdftex.def Info: UPC.pdf , page17 used on input line 29. on input line 29.
Package pdftex.def Info: Requested size: 845.04504pt x 597.50682pt on input line 29.
File: UPC.pdf Graphic file (type pdf)
<use UPC.pdf, page 17>
Package pdftex.def Info: UPC.pdf , page17 used on input line 29. on input line 29.
Package pdftex.def Info: Requested size: 845.04504pt x 597.50682pt on input line 29.
 [16 <./UPC.pdf>]
<UPC.pdf, id=464, page=18, pagebox=cropbox, 845.0471pt x 597.50829pt>
File: UPC.pdf Graphic file (type pdf)
<use UPC.pdf, page 18>
Package pdftex.def Info: UPC.pdf , page18 used on input line 29. on input line 29.
Package pdftex.def Info: Requested size: 845.04504pt x 597.50682pt on input line 29.
File: UPC.pdf Graphic file (type pdf)
<use UPC.pdf, page 18>
Package pdftex.def Info: UPC.pdf , page18 used on input line 29. on input line 29.
Package pdftex.def Info: Requested size: 845.04504pt x 597.50682pt on input line 29.
File: UPC.pdf Graphic file (type pdf)
<use UPC.pdf, page 18>
Package pdftex.def Info: UPC.pdf , page18 used on input line 29. on input line 29.
Package pdftex.def Info: Requested size: 845.04504pt x 597.50682pt on input line 29.
 [17 <./UPC.pdf>]
<UPC.pdf, id=604, page=19, pagebox=cropbox, 845.0471pt x 597.50829pt>
File: UPC.pdf Graphic file (type pdf)
<use UPC.pdf, page 19>
Package pdftex.def Info: UPC.pdf , page19 used on input line 29. on input line 29.
Package pdftex.def Info: Requested size: 845.04504pt x 597.50682pt on input line 29.
File: UPC.pdf Graphic file (type pdf)
<use UPC.pdf, page 19>
Package pdftex.def Info: UPC.pdf , page19 used on input line 29. on input line 29.
Package pdftex.def Info: Requested size: 845.04504pt x 597.50682pt on input line 29.
File: UPC.pdf Graphic file (type pdf)
<use UPC.pdf, page 19>
Package pdftex.def Info: UPC.pdf , page19 used on input line 29. on input line 29.
Package pdftex.def Info: Requested size: 845.04504pt x 597.50682pt on input line 29.
 [18 <./UPC.pdf>]
<UPC.pdf, id=673, page=20, pagebox=cropbox, 845.0471pt x 597.50829pt>
File: UPC.pdf Graphic file (type pdf)
<use UPC.pdf, page 20>
Package pdftex.def Info: UPC.pdf , page20 used on input line 29. on input line 29.
Package pdftex.def Info: Requested size: 845.04504pt x 597.50682pt on input line 29.
File: UPC.pdf Graphic file (type pdf)
<use UPC.pdf, page 20>
Package pdftex.def Info: UPC.pdf , page20 used on input line 29. on input line 29.
Package pdftex.def Info: Requested size: 845.04504pt x 597.50682pt on input line 29.
File: UPC.pdf Graphic file (type pdf)
<use UPC.pdf, page 20>
Package pdftex.def Info: UPC.pdf , page20 used on input line 29. on input line 29.
Package pdftex.def Info: Requested size: 845.04504pt x 597.50682pt on input line 29.
 [19 <./UPC.pdf>]
<UPC.pdf, id=678, page=21, pagebox=cropbox, 845.0471pt x 597.50829pt>
File: UPC.pdf Graphic file (type pdf)
<use UPC.pdf, page 21>
Package pdftex.def Info: UPC.pdf , page21 used on input line 29. on input line 29.
Package pdftex.def Info: Requested size: 845.04504pt x 597.50682pt on input line 29.
File: UPC.pdf Graphic file (type pdf)
<use UPC.pdf, page 21>
Package pdftex.def Info: UPC.pdf , page21 used on input line 29. on input line 29.
Package pdftex.def Info: Requested size: 845.04504pt x 597.50682pt on input line 29.
File: UPC.pdf Graphic file (type pdf)
<use UPC.pdf, page 21>
Package pdftex.def Info: UPC.pdf , page21 used on input line 29. on input line 29.
Package pdftex.def Info: Requested size: 845.04504pt x 597.50682pt on input line 29.
 [20 <./UPC.pdf>]
<UPC.pdf, id=682, page=22, pagebox=cropbox, 845.0471pt x 597.50829pt>
File: UPC.pdf Graphic file (type pdf)
<use UPC.pdf, page 22>
Package pdftex.def Info: UPC.pdf , page22 used on input line 29. on input line 29.
Package pdftex.def Info: Requested size: 845.04504pt x 597.50682pt on input line 29.
File: UPC.pdf Graphic file (type pdf)
<use UPC.pdf, page 22>
Package pdftex.def Info: UPC.pdf , page22 used on input line 29. on input line 29.
Package pdftex.def Info: Requested size: 845.04504pt x 597.50682pt on input line 29.
File: UPC.pdf Graphic file (type pdf)
<use UPC.pdf, page 22>
Package pdftex.def Info: UPC.pdf , page22 used on input line 29. on input line 29.
Package pdftex.def Info: Requested size: 845.04504pt x 597.50682pt on input line 29.
 [21 <./UPC.pdf>]
<UPC.pdf, id=686, page=23, pagebox=cropbox, 845.0471pt x 597.50829pt>
File: UPC.pdf Graphic file (type pdf)
<use UPC.pdf, page 23>
Package pdftex.def Info: UPC.pdf , page23 used on input line 29. on input line 29.
Package pdftex.def Info: Requested size: 845.04504pt x 597.50682pt on input line 29.
File: UPC.pdf Graphic file (type pdf)
<use UPC.pdf, page 23>
Package pdftex.def Info: UPC.pdf , page23 used on input line 29. on input line 29.
Package pdftex.def Info: Requested size: 845.04504pt x 597.50682pt on input line 29.
File: UPC.pdf Graphic file (type pdf)
<use UPC.pdf, page 23>
Package pdftex.def Info: UPC.pdf , page23 used on input line 29. on input line 29.
Package pdftex.def Info: Requested size: 845.04504pt x 597.50682pt on input line 29.
 [22 <./UPC.pdf>]
<UPC.pdf, id=690, page=24, pagebox=cropbox, 845.0471pt x 597.50829pt>
File: UPC.pdf Graphic file (type pdf)
<use UPC.pdf, page 24>
Package pdftex.def Info: UPC.pdf , page24 used on input line 29. on input line 29.
Package pdftex.def Info: Requested size: 845.04504pt x 597.50682pt on input line 29.
File: UPC.pdf Graphic file (type pdf)
<use UPC.pdf, page 24>
Package pdftex.def Info: UPC.pdf , page24 used on input line 29. on input line 29.
Package pdftex.def Info: Requested size: 845.04504pt x 597.50682pt on input line 29.
File: UPC.pdf Graphic file (type pdf)
<use UPC.pdf, page 24>
Package pdftex.def Info: UPC.pdf , page24 used on input line 29. on input line 29.
Package pdftex.def Info: Requested size: 845.04504pt x 597.50682pt on input line 29.
 [23 <./UPC.pdf>]
<UPC.pdf, id=694, page=25, pagebox=cropbox, 845.0471pt x 597.50829pt>
File: UPC.pdf Graphic file (type pdf)
<use UPC.pdf, page 25>
Package pdftex.def Info: UPC.pdf , page25 used on input line 29. on input line 29.
Package pdftex.def Info: Requested size: 845.04504pt x 597.50682pt on input line 29.
File: UPC.pdf Graphic file (type pdf)
<use UPC.pdf, page 25>
Package pdftex.def Info: UPC.pdf , page25 used on input line 29. on input line 29.
Package pdftex.def Info: Requested size: 845.04504pt x 597.50682pt on input line 29.
File: UPC.pdf Graphic file (type pdf)
<use UPC.pdf, page 25>
Package pdftex.def Info: UPC.pdf , page25 used on input line 29. on input line 29.
Package pdftex.def Info: Requested size: 845.04504pt x 597.50682pt on input line 29.
 [24 <./UPC.pdf>]
<UPC.pdf, id=699, page=26, pagebox=cropbox, 845.0471pt x 597.50829pt>
File: UPC.pdf Graphic file (type pdf)
<use UPC.pdf, page 26>
Package pdftex.def Info: UPC.pdf , page26 used on input line 29. on input line 29.
Package pdftex.def Info: Requested size: 845.04504pt x 597.50682pt on input line 29.
File: UPC.pdf Graphic file (type pdf)
<use UPC.pdf, page 26>
Package pdftex.def Info: UPC.pdf , page26 used on input line 29. on input line 29.
Package pdftex.def Info: Requested size: 845.04504pt x 597.50682pt on input line 29.
File: UPC.pdf Graphic file (type pdf)
<use UPC.pdf, page 26>
Package pdftex.def Info: UPC.pdf , page26 used on input line 29. on input line 29.
Package pdftex.def Info: Requested size: 845.04504pt x 597.50682pt on input line 29.
 [25 <./UPC.pdf>] (./print.aux) ) 
Here is how much of TeX's memory you used:
 2951 strings out of 492985
 42256 string characters out of 6138637
 105020 words of memory out of 5000000
 6490 multiletter control sequences out of 15000+600000
 3640 words of font info for 14 fonts, out of 8000000 for 9000
 1141 hyphenation exceptions out of 8191
 42i,21n,54p,291b,460s stack positions out of 5000i,500n,10000p,200000b,80000s
</usr/share/texmf-dist/fonts/type1/public/amsfonts/cm/cmbx10.pfb></usr/share/texmf-dist/fonts/type1/public/amsfonts/cm/cmbx12.pfb></usr/share/texmf-dist/fonts/type1/public/amsfonts/cm/cmbx7.pfb></usr/share/texmf-dist/fonts/type1/public/amsfonts/cm/cmex10.pfb></usr/share/texmf-dist/fonts/type1/public/amsfonts/cmextra/cmex7.pfb></usr/share/texmf-dist/fonts/type1/public/amsfonts/cm/cmmi10.pfb></usr/share/texmf-dist/fonts/type1/public/amsfonts/cm/cmmi5.pfb></usr/share/texmf-dist/fonts/type1/public/amsfonts/cm/cmmi7.pfb></usr/share/texmf-dist/fonts/type1/public/amsfonts/cm/cmr10.pfb></usr/share/texmf-dist/fonts/type1/public/amsfonts/cm/cmr12.pfb></usr/share/texmf-dist/fonts/type1/public/amsfonts/cm/cmr17.pfb></usr/share/texmf-dist/fonts/type1/public/amsfonts/cm/cmr5.pfb></usr/share/texmf-dist/fonts/type1/public/amsfonts/cm/cmr7.pfb></usr/share/texmf-dist/fonts/type1/public/amsfonts/cm/cmsy10.pfb></usr/share/texmf-dist/fonts/type1/public/amsfonts/cm/cmsy5.pfb></usr/share/texmf-dist/fonts/type1/public/amsfonts/cm/cmsy7.pfb></usr/share/texmf-dist/fonts/type1/public/amsfonts/cm/cmti10.pfb></usr/share/texmf-dist/fonts/type1/public/amsfonts/cm/cmti7.pfb></usr/share/texmf-dist/fonts/type1/public/amsfonts/symbols/msbm10.pfb></usr/share/texmf-dist/fonts/type1/public/amsfonts/symbols/msbm7.pfb></usr/share/texmf-dist/fonts/type1/urw/courier/ucrb8a.pfb></usr/share/texmf-dist/fonts/type1/urw/courier/ucrr8a.pfb>
Output written on print.pdf (26 pages, 2315255 bytes).
PDF statistics:
 729 PDF objects out of 1000 (max. 8388607)
 466 compressed objects within 5 object streams
 0 named destinations out of 1000 (max. 500000)
 156 words of extra memory for PDF output out of 10000 (max. 10000000)

