This is pdfTeX, Version 3.14159265-2.6-1.40.19 (TeX Live 2018/Arch Linux) (preloaded format=pdflatex 2018.9.8)  22 NOV 2018 00:20
entering extended mode
 \write18 enabled.
 %&-line parsing enabled.
**UPC.tex
(./UPC.tex
LaTeX2e <2018-04-01> patch level 5
(/usr/share/texmf-dist/tex/latex/base/report.cls
Document Class: report 2014/09/29 v1.4h Standard LaTeX document class
(/usr/share/texmf-dist/tex/latex/base/size10.clo
File: size10.clo 2014/09/29 v1.4h Standard LaTeX file (size option)
)
\c@part=\count80
\c@chapter=\count81
\c@section=\count82
\c@subsection=\count83
\c@subsubsection=\count84
\c@paragraph=\count85
\c@subparagraph=\count86
\c@figure=\count87
\c@table=\count88
\abovecaptionskip=\skip41
\belowcaptionskip=\skip42
\bibindent=\dimen102
) (./kactlpkg.sty
Package: kactlpkg 
 (/usr/share/texmf-dist/tex/latex/base/inputenc.sty
Package: inputenc 2018/04/06 v1.3b Input encoding file
\inpenc@prehook=\toks14
\inpenc@posthook=\toks15
) (/usr/share/texmf-dist/tex/latex/listings/listings.sty (/usr/share/texmf-dist/tex/latex/graphics/keyval.sty
Package: keyval 2014/10/28 v1.15 key=value parser (DPC)
\KV@toks@=\toks16
)
\lst@mode=\count89
\lst@gtempboxa=\box26
\lst@token=\toks17
\lst@length=\count90
\lst@currlwidth=\dimen103
\lst@column=\count91
\lst@pos=\count92
\lst@lostspace=\dimen104
\lst@width=\dimen105
\lst@newlines=\count93
\lst@lineno=\count94
\lst@maxwidth=\dimen106
 (/usr/share/texmf-dist/tex/latex/listings/lstmisc.sty
File: lstmisc.sty 2018/09/02 1.7 (Carsten Heinz)
\c@lstnumber=\count95
\lst@skipnumbers=\count96
\lst@framebox=\box27
) (/usr/share/texmf-dist/tex/latex/listings/listings.cfg
File: listings.cfg 2018/09/02 1.7 listings configuration
))
Package: listings 2018/09/02 1.7 (Carsten Heinz)
 (/usr/share/texmf-dist/tex/latex/framed/framed.sty
Package: framed 2011/10/22 v 0.96: framed or shaded text with page breaks
\OuterFrameSep=\skip43
\fb@frw=\dimen107
\fb@frh=\dimen108
\FrameRule=\dimen109
\FrameSep=\dimen110
) (/usr/share/texmf-dist/tex/latex/geometry/geometry.sty
Package: geometry 2018/04/16 v5.8 Page Geometry
 (/usr/share/texmf-dist/tex/generic/oberdiek/ifpdf.sty
Package: ifpdf 2017/03/15 v3.2 Provides the ifpdf switch
) (/usr/share/texmf-dist/tex/generic/oberdiek/ifvtex.sty
Package: ifvtex 2016/05/16 v1.6 Detect VTeX and its facilities (HO)
Package ifvtex Info: VTeX not detected.
) (/usr/share/texmf-dist/tex/generic/ifxetex/ifxetex.sty
Package: ifxetex 2010/09/12 v0.6 Provides ifxetex conditional
)
\Gm@cnth=\count97
\Gm@cntv=\count98
\c@Gm@tempcnt=\count99
\Gm@bindingoffset=\dimen111
\Gm@wd@mp=\dimen112
\Gm@odd@mp=\dimen113
\Gm@even@mp=\dimen114
\Gm@layoutwidth=\dimen115
\Gm@layoutheight=\dimen116
\Gm@layouthoffset=\dimen117
\Gm@layoutvoffset=\dimen118
\Gm@dimlist=\toks18
) (/usr/share/texmf-dist/tex/latex/tools/multicol.sty
Package: multicol 2018/04/20 v1.8s multicolumn formatting (FMi)
\c@tracingmulticols=\count100
\mult@box=\box28
\multicol@leftmargin=\dimen119
\c@unbalance=\count101
\c@collectmore=\count102
\doublecol@number=\count103
\multicoltolerance=\count104
\multicolpretolerance=\count105
\full@width=\dimen120
\page@free=\dimen121
\premulticols=\dimen122
\postmulticols=\dimen123
\multicolsep=\skip44
\multicolbaselineskip=\skip45
\partial@page=\box29
\last@line=\box30
\maxbalancingoverflow=\dimen124
\mult@rightbox=\box31
\mult@grightbox=\box32
\mult@gfirstbox=\box33
\mult@firstbox=\box34
\@tempa=\box35
\@tempa=\box36
\@tempa=\box37
\@tempa=\box38
\@tempa=\box39
\@tempa=\box40
\@tempa=\box41
\@tempa=\box42
\@tempa=\box43
\@tempa=\box44
\@tempa=\box45
\@tempa=\box46
\@tempa=\box47
\@tempa=\box48
\@tempa=\box49
\@tempa=\box50
\@tempa=\box51
\c@columnbadness=\count106
\c@finalcolumnbadness=\count107
\last@try=\dimen125
\multicolovershoot=\dimen126
\multicolundershoot=\dimen127
\mult@nat@firstbox=\box52
\colbreak@box=\box53
\mc@col@check@num=\count108
) (/usr/share/texmf-dist/tex/latex/fancyhdr/fancyhdr.sty
Package: fancyhdr 2017/06/30 v3.9a Extensive control of page headers and footers
\f@nch@headwidth=\skip46
\f@nch@O@elh=\skip47
\f@nch@O@erh=\skip48
\f@nch@O@olh=\skip49
\f@nch@O@orh=\skip50
\f@nch@O@elf=\skip51
\f@nch@O@erf=\skip52
\f@nch@O@olf=\skip53
\f@nch@O@orf=\skip54
) (/usr/share/texmf-dist/tex/latex/amsmath/amsbsy.sty
Package: amsbsy 1999/11/29 v1.2d Bold Symbols
 (/usr/share/texmf-dist/tex/latex/amsmath/amsgen.sty
File: amsgen.sty 1999/11/30 v2.0 generic functions
\@emptytoks=\toks19
\ex@=\dimen128
)
\pmbraise@=\dimen129
) (/usr/share/texmf-dist/tex/latex/amsfonts/amssymb.sty
Package: amssymb 2013/01/14 v3.01 AMS font symbols
 (/usr/share/texmf-dist/tex/latex/amsfonts/amsfonts.sty
Package: amsfonts 2013/01/14 v3.01 Basic AMSFonts support
\symAMSa=\mathgroup4
\symAMSb=\mathgroup5
LaTeX Font Info:    Overwriting math alphabet `\mathfrak' in version `bold'
(Font)                  U/euf/m/n --> U/euf/b/n on input line 106.
)) (/usr/share/texmf-dist/tex/latex/amsmath/amsmath.sty
Package: amsmath 2017/09/02 v2.17a AMS math features
\@mathmargin=\skip55

For additional information on amsmath, use the `?' option.
(/usr/share/texmf-dist/tex/latex/amsmath/amstext.sty
Package: amstext 2000/06/29 v2.01 AMS text
) (/usr/share/texmf-dist/tex/latex/amsmath/amsopn.sty
Package: amsopn 2016/03/08 v2.02 operator names
)
\inf@bad=\count109
LaTeX Info: Redefining \frac on input line 213.
\uproot@=\count110
\leftroot@=\count111
LaTeX Info: Redefining \overline on input line 375.
\classnum@=\count112
\DOTSCASE@=\count113
LaTeX Info: Redefining \ldots on input line 472.
LaTeX Info: Redefining \dots on input line 475.
LaTeX Info: Redefining \cdots on input line 596.
\Mathstrutbox@=\box54
\strutbox@=\box55
\big@size=\dimen130
LaTeX Font Info:    Redeclaring font encoding OML on input line 712.
LaTeX Font Info:    Redeclaring font encoding OMS on input line 713.
\macc@depth=\count114
\c@MaxMatrixCols=\count115
\dotsspace@=\muskip10
\c@parentequation=\count116
\dspbrk@lvl=\count117
\tag@help=\toks20
\row@=\count118
\column@=\count119
\maxfields@=\count120
\andhelp@=\toks21
\eqnshift@=\dimen131
\alignsep@=\dimen132
\tagshift@=\dimen133
\tagwidth@=\dimen134
\totwidth@=\dimen135
\lineht@=\dimen136
\@envbody=\toks22
\multlinegap=\skip56
\multlinetaggap=\skip57
\mathdisplay@stack=\toks23
LaTeX Info: Redefining \[ on input line 2817.
LaTeX Info: Redefining \] on input line 2818.
) (/usr/share/texmf-dist/tex/latex/tocloft/tocloft.sty
Package: tocloft 2017/08/31 v2.3i parameterised ToC, etc., typesetting
Package tocloft Info: The document has chapter divisions on input line 51.
\cftparskip=\skip58
\cftbeforetoctitleskip=\skip59
\cftaftertoctitleskip=\skip60
\cftbeforepartskip=\skip61
\cftpartnumwidth=\skip62
\cftpartindent=\skip63
\cftbeforechapskip=\skip64
\cftchapindent=\skip65
\cftchapnumwidth=\skip66
\cftbeforesecskip=\skip67
\cftsecindent=\skip68
\cftsecnumwidth=\skip69
\cftbeforesubsecskip=\skip70
\cftsubsecindent=\skip71
\cftsubsecnumwidth=\skip72
\cftbeforesubsubsecskip=\skip73
\cftsubsubsecindent=\skip74
\cftsubsubsecnumwidth=\skip75
\cftbeforeparaskip=\skip76
\cftparaindent=\skip77
\cftparanumwidth=\skip78
\cftbeforesubparaskip=\skip79
\cftsubparaindent=\skip80
\cftsubparanumwidth=\skip81
\cftbeforeloftitleskip=\skip82
\cftafterloftitleskip=\skip83
\cftbeforefigskip=\skip84
\cftfigindent=\skip85
\cftfignumwidth=\skip86
\c@lofdepth=\count121
\c@lotdepth=\count122
\cftbeforelottitleskip=\skip87
\cftafterlottitleskip=\skip88
\cftbeforetabskip=\skip89
\cfttabindent=\skip90
\cfttabnumwidth=\skip91
) (/usr/share/texmf-dist/tex/latex/titlesec/titletoc.sty
Package: titletoc 2011/12/15 v1.6 TOC entries
\ttl@leftsep=\dimen137
) (/usr/share/texmf-dist/tex/latex/base/ifthen.sty
Package: ifthen 2014/09/29 v1.1c Standard LaTeX ifthen package (DPC)
) (/usr/share/texmf-dist/tex/latex/psnfss/courier.sty
Package: courier 2005/04/12 PSNFSS-v9.2a (WaS) 
) (/usr/share/texmf-dist/tex/latex/graphics/graphicx.sty
Package: graphicx 2017/06/01 v1.1a Enhanced LaTeX Graphics (DPC,SPQR)
 (/usr/share/texmf-dist/tex/latex/graphics/graphics.sty
Package: graphics 2017/06/25 v1.2c Standard LaTeX Graphics (DPC,SPQR)
 (/usr/share/texmf-dist/tex/latex/graphics/trig.sty
Package: trig 2016/01/03 v1.10 sin cos tan (DPC)
) (/usr/share/texmf-dist/tex/latex/graphics-cfg/graphics.cfg
File: graphics.cfg 2016/06/04 v1.11 sample graphics configuration
)
Package graphics Info: Driver file: pdftex.def on input line 99.
 (/usr/share/texmf-dist/tex/latex/graphics-def/pdftex.def
File: pdftex.def 2018/01/08 v1.0l Graphics/color driver for pdftex
))
\Gin@req@height=\dimen138
\Gin@req@width=\dimen139
) (/usr/share/texmf-dist/tex/latex/base/fix-cm.sty
Package: fix-cm 2015/01/14 v1.1t fixes to LaTeX
 (/usr/share/texmf-dist/tex/latex/base/ts1enc.def
File: ts1enc.def 2001/06/05 v3.0e (jk/car/fm) Standard LaTeX file
Now handling font encoding TS1 ...
... processing UTF-8 mapping file for font encoding TS1
 (/usr/share/texmf-dist/tex/latex/base/ts1enc.dfu
File: ts1enc.dfu 2018/04/05 v1.2c UTF-8 support for inputenc
   defining Unicode char U+00A2 (decimal 162)
   defining Unicode char U+00A3 (decimal 163)
   defining Unicode char U+00A4 (decimal 164)
   defining Unicode char U+00A5 (decimal 165)
   defining Unicode char U+00A6 (decimal 166)
   defining Unicode char U+00A7 (decimal 167)
   defining Unicode char U+00A8 (decimal 168)
   defining Unicode char U+00A9 (decimal 169)
   defining Unicode char U+00AA (decimal 170)
   defining Unicode char U+00AC (decimal 172)
   defining Unicode char U+00AE (decimal 174)
   defining Unicode char U+00AF (decimal 175)
   defining Unicode char U+00B0 (decimal 176)
   defining Unicode char U+00B1 (decimal 177)
   defining Unicode char U+00B2 (decimal 178)
   defining Unicode char U+00B3 (decimal 179)
   defining Unicode char U+00B4 (decimal 180)
   defining Unicode char U+00B5 (decimal 181)
   defining Unicode char U+00B6 (decimal 182)
   defining Unicode char U+00B7 (decimal 183)
   defining Unicode char U+00B9 (decimal 185)
   defining Unicode char U+00BA (decimal 186)
   defining Unicode char U+00BC (decimal 188)
   defining Unicode char U+00BD (decimal 189)
   defining Unicode char U+00BE (decimal 190)
   defining Unicode char U+00D7 (decimal 215)
   defining Unicode char U+00F7 (decimal 247)
   defining Unicode char U+0192 (decimal 402)
   defining Unicode char U+02C7 (decimal 711)
   defining Unicode char U+02D8 (decimal 728)
   defining Unicode char U+02DD (decimal 733)
   defining Unicode char U+0E3F (decimal 3647)
   defining Unicode char U+2016 (decimal 8214)
   defining Unicode char U+2020 (decimal 8224)
   defining Unicode char U+2021 (decimal 8225)
   defining Unicode char U+2022 (decimal 8226)
   defining Unicode char U+2030 (decimal 8240)
   defining Unicode char U+2031 (decimal 8241)
   defining Unicode char U+203B (decimal 8251)
   defining Unicode char U+203D (decimal 8253)
   defining Unicode char U+2044 (decimal 8260)
   defining Unicode char U+204E (decimal 8270)
   defining Unicode char U+2052 (decimal 8274)
   defining Unicode char U+20A1 (decimal 8353)
   defining Unicode char U+20A4 (decimal 8356)
   defining Unicode char U+20A6 (decimal 8358)
   defining Unicode char U+20A9 (decimal 8361)
   defining Unicode char U+20AB (decimal 8363)
   defining Unicode char U+20AC (decimal 8364)
   defining Unicode char U+20B1 (decimal 8369)
   defining Unicode char U+2103 (decimal 8451)
   defining Unicode char U+2116 (decimal 8470)
   defining Unicode char U+2117 (decimal 8471)
   defining Unicode char U+211E (decimal 8478)
   defining Unicode char U+2120 (decimal 8480)
   defining Unicode char U+2122 (decimal 8482)
   defining Unicode char U+2126 (decimal 8486)
   defining Unicode char U+2127 (decimal 8487)
   defining Unicode char U+212E (decimal 8494)
   defining Unicode char U+2190 (decimal 8592)
   defining Unicode char U+2191 (decimal 8593)
   defining Unicode char U+2192 (decimal 8594)
   defining Unicode char U+2193 (decimal 8595)
   defining Unicode char U+2329 (decimal 9001)
   defining Unicode char U+232A (decimal 9002)
   defining Unicode char U+2422 (decimal 9250)
   defining Unicode char U+25E6 (decimal 9702)
   defining Unicode char U+25EF (decimal 9711)
   defining Unicode char U+266A (decimal 9834)
   defining Unicode char U+FEFF (decimal 65279)
))) (/usr/share/texmf-dist/tex/latex/paralist/paralist.sty
Package: paralist 2017/01/22 v2.7 Extended list environments
\pltopsep=\skip92
\plpartopsep=\skip93
\plitemsep=\skip94
\plparsep=\skip95
\pl@lab=\toks24
) (/usr/share/texmf-dist/tex/latex/enumitem/enumitem.sty
Package: enumitem 2011/09/28 v3.5.2 Customized lists
\labelindent=\skip96
\enit@outerparindent=\dimen140
\enit@toks=\toks25
\enit@inbox=\box56
\enitdp@description=\count123
) (/usr/share/texmf-dist/tex/latex/parskip/parskip.sty
Package: parskip 2001/04/09 non-zero parskip adjustments


LaTeX Warning: Command \@starttoc  has changed.
               Check if current package is valid.

) (/usr/share/texmf-dist/tex/latex/xcolor/xcolor.sty
Package: xcolor 2016/05/11 v2.12 LaTeX color extensions (UK)
 (/usr/share/texmf-dist/tex/latex/graphics-cfg/color.cfg
File: color.cfg 2016/01/02 v1.6 sample color configuration
)
Package xcolor Info: Driver file: pdftex.def on input line 225.
Package xcolor Info: Model `cmy' substituted by `cmy0' on input line 1348.
Package xcolor Info: Model `hsb' substituted by `rgb' on input line 1352.
Package xcolor Info: Model `RGB' extended on input line 1364.
Package xcolor Info: Model `HTML' substituted by `rgb' on input line 1366.
Package xcolor Info: Model `Hsb' substituted by `hsb' on input line 1367.
Package xcolor Info: Model `tHsb' substituted by `hsb' on input line 1368.
Package xcolor Info: Model `HSB' substituted by `hsb' on input line 1369.
Package xcolor Info: Model `Gray' substituted by `gray' on input line 1370.
Package xcolor Info: Model `wave' substituted by `hsb' on input line 1371.
 (/usr/share/texmf-dist/tex/latex/graphics/dvipsnam.def
File: dvipsnam.def 2016/06/17 v3.0m Driver-dependent file (DPC,SPQR)
)) (/usr/share/texmf-dist/tex/generic/ulem/ulem.sty
\UL@box=\box57
\UL@hyphenbox=\box58
\UL@skip=\skip97
\UL@hook=\toks26
\UL@height=\dimen141
\UL@pe=\count124
\UL@pixel=\dimen142
\ULC@box=\box59
Package: ulem 2012/05/18
\ULdepth=\dimen143
)
\hdrmark=\marks1
 (/usr/share/texmf-dist/tex/latex/listings/lstlang1.sty
File: lstlang1.sty 2018/09/02 1.7 listings language file
) (/usr/share/texmf-dist/tex/latex/listings/lstlang1.sty
File: lstlang1.sty 2018/09/02 1.7 listings language file
) (/usr/share/texmf-dist/tex/latex/listings/lstmisc.sty
File: lstmisc.sty 2018/09/02 1.7 (Carsten Heinz)
)) (./UPC.aux)
\openout1 = `UPC.aux'.

LaTeX Font Info:    Checking defaults for OML/cmm/m/it on input line 11.
LaTeX Font Info:    ... okay on input line 11.
LaTeX Font Info:    Checking defaults for T1/cmr/m/n on input line 11.
LaTeX Font Info:    ... okay on input line 11.
LaTeX Font Info:    Checking defaults for OT1/cmr/m/n on input line 11.
LaTeX Font Info:    ... okay on input line 11.
LaTeX Font Info:    Checking defaults for OMS/cmsy/m/n on input line 11.
LaTeX Font Info:    ... okay on input line 11.
LaTeX Font Info:    Checking defaults for OMX/cmex/m/n on input line 11.
LaTeX Font Info:    ... okay on input line 11.
LaTeX Font Info:    Checking defaults for U/cmr/m/n on input line 11.
LaTeX Font Info:    ... okay on input line 11.
LaTeX Font Info:    Checking defaults for TS1/cmr/m/n on input line 11.
LaTeX Font Info:    ... okay on input line 11.
\c@lstlisting=\count125

*geometry* driver: auto-detecting
*geometry* detected driver: pdftex
*geometry* verbose mode - [ preamble ] result:
* driver: pdftex
* paper: a4paper
* layout: <same size as paper>
* layoutoffset:(h,v)=(0.0pt,0.0pt)
* modes: landscape 
* h-part:(L,W,R)=(14.22636pt, 816.59412pt, 14.22636pt)
* v-part:(T,H,B)=(28.45274pt, 557.67421pt, 11.38092pt)
* \paperwidth=845.04684pt
* \paperheight=597.50787pt
* \textwidth=816.59412pt
* \textheight=557.67421pt
* \oddsidemargin=-58.04362pt
* \evensidemargin=-58.04362pt
* \topmargin=-80.81725pt
* \headheight=25.0pt
* \headsep=5.0pt
* \topskip=10.0pt
* \footskip=30.0pt
* \marginparwidth=57.0pt
* \marginparsep=11.0pt
* \columnsep=10.0pt
* \skip\footins=9.0pt plus 4.0pt minus 2.0pt
* \hoffset=0.0pt
* \voffset=0.0pt
* \mag=1000
* \@twocolumnfalse
* \@twosidefalse
* \@mparswitchfalse
* \@reversemarginfalse
* (1in=72.27pt=25.4mm, 1cm=28.453pt)

(/usr/share/texmf-dist/tex/context/base/mkii/supp-pdf.mkii
[Loading MPS to PDF converter (version 2006.09.02).]
\scratchcounter=\count126
\scratchdimen=\dimen144
\scratchbox=\box60
\nofMPsegments=\count127
\nofMParguments=\count128
\everyMPshowfont=\toks27
\MPscratchCnt=\count129
\MPscratchDim=\dimen145
\MPnumerator=\count130
\makeMPintoPDFobject=\count131
\everyMPtoPDFconversion=\toks28
) (/usr/share/texmf-dist/tex/latex/oberdiek/epstopdf-base.sty
Package: epstopdf-base 2016/05/15 v2.6 Base part for package epstopdf
 (/usr/share/texmf-dist/tex/generic/oberdiek/infwarerr.sty
Package: infwarerr 2016/05/16 v1.4 Providing info/warning/error messages (HO)
) (/usr/share/texmf-dist/tex/latex/oberdiek/grfext.sty
Package: grfext 2016/05/16 v1.2 Manage graphics extensions (HO)
 (/usr/share/texmf-dist/tex/generic/oberdiek/kvdefinekeys.sty
Package: kvdefinekeys 2016/05/16 v1.4 Define keys (HO)
 (/usr/share/texmf-dist/tex/generic/oberdiek/ltxcmds.sty
Package: ltxcmds 2016/05/16 v1.23 LaTeX kernel commands for general use (HO)
))) (/usr/share/texmf-dist/tex/latex/oberdiek/kvoptions.sty
Package: kvoptions 2016/05/16 v3.12 Key value format for package options (HO)
 (/usr/share/texmf-dist/tex/generic/oberdiek/kvsetkeys.sty
Package: kvsetkeys 2016/05/16 v1.17 Key value parser (HO)
 (/usr/share/texmf-dist/tex/generic/oberdiek/etexcmds.sty
Package: etexcmds 2016/05/16 v1.6 Avoid name clashes with e-TeX commands (HO)
 (/usr/share/texmf-dist/tex/generic/oberdiek/ifluatex.sty
Package: ifluatex 2016/05/16 v1.4 Provides the ifluatex switch (HO)
Package ifluatex Info: LuaTeX not detected.
)
Package etexcmds Info: Could not find \expanded.
(etexcmds)             That can mean that you are not using pdfTeX 1.50 or
(etexcmds)             that some package has redefined \expanded.
(etexcmds)             In the latter case, load this package earlier.
))) (/usr/share/texmf-dist/tex/generic/oberdiek/pdftexcmds.sty
Package: pdftexcmds 2018/01/30 v0.27 Utility functions of pdfTeX for LuaTeX (HO)
Package pdftexcmds Info: LuaTeX not detected.
Package pdftexcmds Info: \pdf@primitive is available.
Package pdftexcmds Info: \pdf@ifprimitive is available.
Package pdftexcmds Info: \pdfdraftmode found.
)
Package epstopdf-base Info: Redefining graphics rule for `.eps' on input line 438.
Package grfext Info: Graphics extension search list:
(grfext)             [.pdf,.png,.jpg,.mps,.jpeg,.jbig2,.jb2,.PDF,.PNG,.JPG,.JPEG,.JBIG2,.JB2,.eps]
(grfext)             \AppendGraphicsExtensions on input line 456.
 (/usr/share/texmf-dist/tex/latex/latexconfig/epstopdf-sys.cfg
File: epstopdf-sys.cfg 2010/07/13 v1.3 Configuration of (r)epstopdf for TeX Live
))
runsystem(rm -f header.tmp)...executed.

<UPC-Logo.pdf, id=1, 128.48pt x 128.48pt>
File: UPC-Logo.pdf Graphic file (type pdf)
<use UPC-Logo.pdf>
Package pdftex.def Info: UPC-Logo.pdf  used on input line 14.
(pdftex.def)             Requested size: 85.35826pt x 85.3597pt.
 [1

{/var/lib/texmf/fonts/map/pdftex/updmap/pdftex.map} <./UPC-logo.pdf>] (../content/contest/chapter.tex
Chapter 1.
LaTeX Font Info:    Try loading font information for U+msa on input line 1.
(/usr/share/texmf-dist/tex/latex/amsfonts/umsa.fd
File: umsa.fd 2013/01/14 v3.01 AMS symbols A
)
LaTeX Font Info:    Try loading font information for U+msb on input line 1.
 (/usr/share/texmf-dist/tex/latex/amsfonts/umsb.fd
File: umsb.fd 2013/01/14 v3.01 AMS symbols B
)
\c@ttl@toc@chapters=\count132
runsystem(rm -f kactl.tmp)...executed.

runsystem(python2 kactlprocessor.py -i "../content/contest/content.txt" -o kactl.tmp -l raw)...executed.

 (./kactl.tmp
LaTeX Font Info:    Try loading font information for OT1+pcr on input line 3.
 (/usr/share/texmf-dist/tex/latex/psnfss/ot1pcr.fd
File: ot1pcr.fd 2001/06/04 font definitions for OT1/pcr.
))
runsystem(rm -f kactl.tmp)...executed.

runsystem(python2 kactlprocessor.py -i "../content/contest/template.cpp" -o kactl.tmp -l rawcpp)...executed.

 (./kactl.tmp)
runsystem(rm -f kactl.tmp)...executed.

runsystem(python2 kactlprocessor.py -i "../content/contest/Makefile" -o kactl.tmp -l raw)...executed.

 (./kactl.tmp)
runsystem(rm -f kactl.tmp)...executed.

runsystem(python2 kactlprocessor.py -i "../content/contest/troubleshoot.txt" -o kactl.tmp -l raw)...executed.

 (./kactl.tmp)) (../content/math/chapter.tex
Chapter 2.
runsystem(python2 kactlprocessor.py --print-header "|troubleshoot.txt" -o header2.tmp)...executed.

(./header2.tmp) [1

]
<../content/math/sphericalCoordinates.pdf, id=25, 42.67899pt x 42.67899pt>
File: ../content/math/sphericalCoordinates.pdf Graphic file (type pdf)
<use ../content/math/sphericalCoordinates.pdf>
Package pdftex.def Info: ../content/math/sphericalCoordinates.pdf  used on input line 66.
(pdftex.def)             Requested size: 71.13188pt x 71.14337pt.

Overfull \hbox (25.19072pt too wide) in paragraph at lines 75--85
[]  
 []


Package amsmath Warning: Foreign command \over;
(amsmath)                \frac or \genfrac should be used instead
(amsmath)                 on input line 113.

runsystem(python2 kactlprocessor.py --print-header "|troubleshoot.txt" -o header2.tmp)...executed.

(./header2.tmp) [2 <../content/math/sphericalCoordinates.pdf>]) (../content/data-structures/chapter.tex
Chapter 3.
runsystem(rm -f kactl.tmp)...executed.

runsystem(python2 kactlprocessor.py -i "../content/data-structures/HashMap.h" -o kactl.tmp )...executed.

(./kactl.tmp)
runsystem(rm -f kactl.tmp)...executed.

runsystem(python2 kactlprocessor.py -i "../content/data-structures/LineContainer.h" -o kactl.tmp )...executed.

 (./kactl.tmp)
runsystem(rm -f kactl.tmp)...executed.

runsystem(python2 kactlprocessor.py -i "../content/data-structures/FenwickTree.h" -o kactl.tmp )...executed.

 (./kactl.tmp)
runsystem(rm -f kactl.tmp)...executed.

runsystem(python2 kactlprocessor.py -i "../content/data-structures/FenwickTree2d.h" -o kactl.tmp )...executed.

 (./kactl.tmp
runsystem(python2 kactlprocessor.py --print-header "FenwickTree2d.h|FenwickTree2d.h" -o header2.tmp)...executed.

 (./header2.tmp) [3])
runsystem(rm -f kactl.tmp)...executed.

runsystem(python2 kactlprocessor.py -i "../content/data-structures/OrderStatisticTree.h" -o kactl.tmp )...executed.

 (./kactl.tmp)
runsystem(rm -f kactl.tmp)...executed.

runsystem(python2 kactlprocessor.py -i "../content/data-structures/RMQ.h" -o kactl.tmp )...executed.

 (./kactl.tmp
Underfull \hbox (badness 10000) in paragraph at lines 6--6
\OT1/cmr/bx/n/7 Usage: \OT1/pcr/m/n/7 Call function build and then use query to return the
 []

)
runsystem(rm -f kactl.tmp)...executed.

runsystem(python2 kactlprocessor.py -i "../content/data-structures/Treap.h" -o kactl.tmp )...executed.

 (./kactl.tmp)) (../content/numerical/chapter.tex
Chapter 4.
runsystem(rm -f kactl.tmp)...executed.

runsystem(python2 kactlprocessor.py -i "../content/numerical/Polynomial.h" -o kactl.tmp )...executed.

(./kactl.tmp)
runsystem(rm -f kactl.tmp)...executed.

runsystem(python2 kactlprocessor.py -i "../content/numerical/PolyRoots.h" -o kactl.tmp )...executed.

 (./kactl.tmp
LaTeX Font Info:    Try loading font information for OMS+pcr on input line 7.
 (/usr/share/texmf-dist/tex/latex/psnfss/omspcr.fd
File: omspcr.fd 
)
LaTeX Font Info:    Font shape `OMS/pcr/m/n' in size <7> not available
(Font)              Font shape `OMS/cmsy/m/n' tried instead on input line 7.
runsystem(python2 kactlprocessor.py --print-header "PolyRoots.h|PolyRoots.h" -o header2.tmp)...executed.

 (./header2.tmp) [4])
runsystem(rm -f kactl.tmp)...executed.

runsystem(python2 kactlprocessor.py -i "../content/numerical/PolyInterpolate.h" -o kactl.tmp )...executed.

 (./kactl.tmp)
runsystem(rm -f kactl.tmp)...executed.

runsystem(python2 kactlprocessor.py -i "../content/numerical/Integrate.h" -o kactl.tmp )...executed.

 (./kactl.tmp)
runsystem(rm -f kactl.tmp)...executed.

runsystem(python2 kactlprocessor.py -i "../content/numerical/MatrixInverse.h" -o kactl.tmp )...executed.

 (./kactl.tmp)
runsystem(rm -f kactl.tmp)...executed.

runsystem(python2 kactlprocessor.py -i "../content/numerical/Simplex.h" -o kactl.tmp )...executed.

 (./kactl.tmp)
runsystem(rm -f kactl.tmp)...executed.

runsystem(python2 kactlprocessor.py -i "../content/numerical/SolveLinear.h" -o kactl.tmp )...executed.

 (./kactl.tmp
runsystem(python2 kactlprocessor.py --print-header "SolveLinear.h|SolveLinear.h" -o header2.tmp)...executed.

 (./header2.tmp) [5])
runsystem(rm -f kactl.tmp)...executed.

runsystem(python2 kactlprocessor.py -i "../content/numerical/SolveLinear2.h" -o kactl.tmp )...executed.

 (./kactl.tmp)
runsystem(rm -f kactl.tmp)...executed.

runsystem(python2 kactlprocessor.py -i "../content/numerical/SolveLinearBinary.h" -o kactl.tmp )...executed.

 (./kactl.tmp)
runsystem(rm -f kactl.tmp)...executed.

runsystem(python2 kactlprocessor.py -i "../content/numerical/FFT.h" -o kactl.tmp )...executed.

 (./kactl.tmp)
runsystem(rm -f kactl.tmp)...executed.

runsystem(python2 kactlprocessor.py -i "../content/numerical/FastSubsetTransform.h" -o kactl.tmp )...executed.

 (./kactl.tmp)
runsystem(rm -f kactl.tmp)...executed.

runsystem(python2 kactlprocessor.py -i "../content/numerical/Determinant.h" -o kactl.tmp )...executed.

 (./kactl.tmp
runsystem(python2 kactlprocessor.py --print-header "Determinant.h|Determinant.h" -o header2.tmp)...executed.

 (./header2.tmp) [6])
runsystem(rm -f kactl.tmp)...executed.

runsystem(python2 kactlprocessor.py -i "../content/numerical/BerlekampMassey.h" -o kactl.tmp )...executed.

 (./kactl.tmp)
runsystem(rm -f kactl.tmp)...executed.

runsystem(python2 kactlprocessor.py -i "../content/numerical/LinearRecurrence.h" -o kactl.tmp )...executed.

 (./kactl.tmp)) (../content/number-theory/chapter.tex
Chapter 5.
runsystem(rm -f kactl.tmp)...executed.

runsystem(python2 kactlprocessor.py -i "../content/number-theory/ModularArithmetic.h" -o kactl.tmp )...executed.

(./kactl.tmp)
runsystem(rm -f kactl.tmp)...executed.

runsystem(python2 kactlprocessor.py -i "../content/number-theory/ModInverse.h" -o kactl.tmp )...executed.

 (./kactl.tmp)
runsystem(rm -f kactl.tmp)...executed.

runsystem(python2 kactlprocessor.py -i "../content/number-theory/ModPow.h" -o kactl.tmp )...executed.

 (./kactl.tmp)
runsystem(rm -f kactl.tmp)...executed.

runsystem(python2 kactlprocessor.py -i "../content/number-theory/ModSum.h" -o kactl.tmp )...executed.

 (./kactl.tmp)
runsystem(rm -f kactl.tmp)...executed.

runsystem(python2 kactlprocessor.py -i "../content/number-theory/ModMulLL.h" -o kactl.tmp )...executed.

 (./kactl.tmp)
runsystem(rm -f kactl.tmp)...executed.

runsystem(python2 kactlprocessor.py -i "../content/number-theory/ModSqrt.h" -o kactl.tmp )...executed.

 (./kactl.tmp)
runsystem(python2 kactlprocessor.py --print-header "ModSqrt.h|ModSqrt.h" -o header2.tmp)...executed.

 (./header2.tmp) [7]
runsystem(rm -f kactl.tmp)...executed.

runsystem(python2 kactlprocessor.py -i "../content/number-theory/eratosthenes.h" -o kactl.tmp )...executed.

 (./kactl.tmp)
runsystem(rm -f kactl.tmp)...executed.

runsystem(python2 kactlprocessor.py -i "../content/number-theory/MillerRabin.h" -o kactl.tmp )...executed.

 (./kactl.tmp)
runsystem(rm -f kactl.tmp)...executed.

runsystem(python2 kactlprocessor.py -i "../content/number-theory/factor.h" -o kactl.tmp )...executed.

 (./kactl.tmp)
runsystem(rm -f kactl.tmp)...executed.

runsystem(python2 kactlprocessor.py -i "../content/number-theory/euclid.h" -o kactl.tmp )...executed.

 (./kactl.tmp)
runsystem(rm -f kactl.tmp)...executed.

runsystem(python2 kactlprocessor.py -i "../content/number-theory/phiFunction.h" -o kactl.tmp )...executed.

 (./kactl.tmp)
runsystem(rm -f kactl.tmp)...executed.

runsystem(python2 kactlprocessor.py -i "../content/number-theory/chinese.h" -o kactl.tmp )...executed.

 (./kactl.tmp)
runsystem(rm -f kactl.tmp)...executed.

runsystem(python2 kactlprocessor.py -i "../content/number-theory/NTT.h" -o kactl.tmp )...executed.

 (./kactl.tmp
runsystem(python2 kactlprocessor.py --print-header "chinese.h|chinese.h" -o header2.tmp)...executed.

 (./header2.tmp) [8])) (../content/combinatorial/chapter.tex
Chapter 6.
(../content/combinatorial/factorial.tex)
runsystem(rm -f kactl.tmp)...executed.

runsystem(python2 kactlprocessor.py -i "../content/combinatorial/IntPerm.h" -o kactl.tmp )...executed.

 (./kactl.tmp)
Overfull \hbox (5.77856pt too wide) detected at line 14
\OML/cmm/m/it/10 D\OT1/cmr/m/n/10 (\OML/cmm/m/it/10 n\OT1/cmr/m/n/10 ) = (\OML/cmm/m/it/10 n \OMS/cmsy/m/n/10 ^^@ \OT1/cmr/m/n/10 1)(\OML/cmm/m/it/10 D\OT1/cmr/m/n/10 (\OML/cmm/m/it/10 n \OMS/cmsy/m/n/10 ^^@ \OT1/cmr/m/n/10 1) + \OML/cmm/m/it/10 D\OT1/cmr/m/n/10 (\OML/cmm/m/it/10 n \OMS/cmsy/m/n/10 ^^@ \OT1/cmr/m/n/10 2)) = \OML/cmm/m/it/10 nD\OT1/cmr/m/n/10 (\OML/cmm/m/it/10 n \OMS/cmsy/m/n/10 ^^@ \OT1/cmr/m/n/10 1) + (\OMS/cmsy/m/n/10 ^^@\OT1/cmr/m/n/10 1)[] = []
 []

runsystem(rm -f kactl.tmp)...executed.

runsystem(python2 kactlprocessor.py -i "../content/combinatorial/binomialModPrime.h" -o kactl.tmp )...executed.

(./kactl.tmp)
runsystem(rm -f kactl.tmp)...executed.

runsystem(python2 kactlprocessor.py -i "../content/combinatorial/multinomial.h" -o kactl.tmp )...executed.

 (./kactl.tmp)
runsystem(python2 kactlprocessor.py --print-header "multinomial.h|multinomial.h" -o header2.tmp)...executed.

 (./header2.tmp) [9]
Overfull \hbox (15.39244pt too wide) in paragraph at lines 70--72
$[]$  
 []

LaTeX Font Info:    Try loading font information for OMS+cmr on input line 73.
(/usr/share/texmf-dist/tex/latex/base/omscmr.fd
File: omscmr.fd 2014/09/29 v2.5h Standard LaTeX font definitions
)
LaTeX Font Info:    Font shape `OMS/cmr/m/n' in size <10> not available
(Font)              Font shape `OMS/cmsy/m/n' tried instead on input line 73.
) (../content/graph/chapter.tex
Chapter 7.
runsystem(rm -f kactl.tmp)...executed.

runsystem(python2 kactlprocessor.py -i "../content/graph/ArticulationPointAndBridges.h" -o kactl.tmp )...executed.

(./kactl.tmp)
runsystem(rm -f kactl.tmp)...executed.

runsystem(python2 kactlprocessor.py -i "../content/graph/EulerianCycle.h" -o kactl.tmp )...executed.

 (./kactl.tmp
Underfull \hbox (badness 10000) in paragraph at lines 6--6
\OT1/pcr/m/n/7 if undirected add index to both rows of adj list. If directed
 []


Underfull \hbox (badness 10000) in paragraph at lines 6--6
\OT1/pcr/m/n/7 make sure if it needs to be connected, difference between
 []


Underfull \hbox (badness 10000) in paragraph at lines 6--6
\OT1/pcr/m/n/7 in/out edges. If it is a tour then u must be a vertex with odd
 []

)
runsystem(rm -f kactl.tmp)...executed.

runsystem(python2 kactlprocessor.py -i "../content/graph/SCC.h" -o kactl.tmp )...executed.

 (./kactl.tmp
Underfull \hbox (badness 10000) in paragraph at lines 8--8
\OT1/pcr/m/n/7 add reverse edges), after calling Kosaraju comp will save the
 []

)
runsystem(rm -f kactl.tmp)...executed.

runsystem(python2 kactlprocessor.py -i "../content/graph/2sat.h" -o kactl.tmp )...executed.

 (./kactl.tmp
runsystem(python2 kactlprocessor.py --print-header "2sat.h|2sat.h" -o header2.tmp)...executed.

 (./header2.tmp) [10])
runsystem(rm -f kactl.tmp)...executed.

runsystem(python2 kactlprocessor.py -i "../content/graph/BiconnectedComponents.h" -o kactl.tmp )...executed.

 (./kactl.tmp)
runsystem(rm -f kactl.tmp)...executed.

runsystem(python2 kactlprocessor.py -i "../content/graph/MinimalArborescence.h" -o kactl.tmp )...executed.

 (./kactl.tmp)
runsystem(rm -f kactl.tmp)...executed.

runsystem(python2 kactlprocessor.py -i "../content/graph/BinaryJumps.h" -o kactl.tmp )...executed.

 (./kactl.tmp)
runsystem(rm -f kactl.tmp)...executed.

runsystem(python2 kactlprocessor.py -i "../content/graph/LinkCutTree.h" -o kactl.tmp )...executed.

 (./kactl.tmp
runsystem(python2 kactlprocessor.py --print-header "LinkCutTree.h|LinkCutTree.h" -o header2.tmp)...executed.

 (./header2.tmp) [11])
runsystem(rm -f kactl.tmp)...executed.

runsystem(python2 kactlprocessor.py -i "../content/graph/DominatorTree.h" -o kactl.tmp )...executed.

 (./kactl.tmp)
runsystem(rm -f kactl.tmp)...executed.

runsystem(python2 kactlprocessor.py -i "../content/graph/FastMaxFlow.h" -o kactl.tmp )...executed.

 (./kactl.tmp
Underfull \hbox (badness 10000) in paragraph at lines 7--7
\OT1/cmr/bx/n/7 Usage: \OT1/pcr/m/n/7 F should be log(f). Set rc to c if it is undirected.
 []


Underfull \hbox (badness 10000) in paragraph at lines 7--7
\OT1/pcr/m/n/7 To obtain a cut in the mincut problem one must bfs from the
 []


Underfull \hbox (badness 10000) in paragraph at lines 7--7
\OT1/pcr/m/n/7 source. All the vertices reached from it using only edges with
 []


Underfull \hbox (badness 10000) in paragraph at lines 7--7
\OT1/pcr/m/n/7 CAP $\OML/cmm/m/it/7 >$ \OT1/pcr/m/n/7 0 are in the same cut. Do not reset edges when using
 []


Underfull \hbox (badness 10000) in paragraph at lines 7--7
\OT1/pcr/m/n/7 If maxflow is called without the last parameter it will run a
 []

runsystem(python2 kactlprocessor.py --print-header "FastMaxFlow.h|FastMaxFlow.h" -o header2.tmp)...executed.

(./header2.tmp) [12])
runsystem(rm -f kactl.tmp)...executed.

runsystem(python2 kactlprocessor.py -i "../content/graph/PushRelabel.h" -o kactl.tmp )...executed.

 (./kactl.tmp)
runsystem(rm -f kactl.tmp)...executed.

runsystem(python2 kactlprocessor.py -i "../content/graph/MaxflowMinCap.h" -o kactl.tmp )...executed.

 (./kactl.tmp
Underfull \hbox (badness 10000) in paragraph at lines 7--7
\OT1/cmr/bx/n/7 Time: $\OMS/cmsy/m/n/7 O []$ \OT1/cmr/m/n/7 for gen-eral graphs. For unit ca-pac-i-ties
 []

)
runsystem(rm -f kactl.tmp)...executed.

runsystem(python2 kactlprocessor.py -i "../content/graph/MaxflowMinCost.h" -o kactl.tmp )...executed.

 (./kactl.tmp
runsystem(python2 kactlprocessor.py --print-header "MaxflowMinCost.h|MaxflowMinCost.h" -o header2.tmp)...executed.

 (./header2.tmp) [13])
runsystem(rm -f kactl.tmp)...executed.

runsystem(python2 kactlprocessor.py -i "../content/graph/StableMarriage.h" -o kactl.tmp )...executed.

 (./kactl.tmp
Underfull \hbox (badness 10000) in paragraph at lines 6--6
\OT1/cmr/bx/n/7 Usage: \OT1/pcr/m/n/7 pr1[i] = preference list of person i (from 1. list)
 []


Underfull \hbox (badness 10000) in paragraph at lines 6--6
\OT1/pcr/m/n/7 (format A), pr2[i][j] = position in the preference list of
 []


Underfull \hbox (badness 10000) in paragraph at lines 6--6
\OT1/pcr/m/n/7 person j (from 1. list), in preference list of i (from 2.
 []

)
runsystem(rm -f kactl.tmp)...executed.

runsystem(python2 kactlprocessor.py -i "../content/graph/DFSMatching.h" -o kactl.tmp )...executed.

 (./kactl.tmp)
runsystem(rm -f kactl.tmp)...executed.

runsystem(python2 kactlprocessor.py -i "../content/graph/GeneralMatching.h" -o kactl.tmp )...executed.

 (./kactl.tmp)
runsystem(rm -f kactl.tmp)...executed.

runsystem(python2 kactlprocessor.py -i "../content/graph/MinCostBipartite.h" -o kactl.tmp )...executed.

 (./kactl.tmp
runsystem(python2 kactlprocessor.py --print-header "MinCostBipartite.h|MinCostBipartite.h" -o header2.tmp)...executed.

 (./header2.tmp) [14])
runsystem(rm -f kactl.tmp)...executed.

runsystem(python2 kactlprocessor.py -i "../content/graph/globalmincut.h" -o kactl.tmp )...executed.

 (./kactl.tmp)) (../content/geometry/chapter.tex
Chapter 8.
runsystem(rm -f kactl.tmp)...executed.

runsystem(python2 kactlprocessor.py -i "../content/geometry/Point.h" -o kactl.tmp )...executed.

(./kactl.tmp
runsystem(python2 kactlprocessor.py --print-header "|Point.h" -o header2.tmp)...executed.

 (./header2.tmp) [15])
runsystem(rm -f kactl.tmp)...executed.

runsystem(python2 kactlprocessor.py -i "../content/geometry/lineDistance.h" -o kactl.tmp )...executed.

 (./kactl.tmp
<../content/geometry/lineDistance.pdf, id=243, 42.67899pt x 42.67899pt>
File: ../content/geometry/lineDistance.pdf Graphic file (type pdf)
<use ../content/geometry/lineDistance.pdf>
Package pdftex.def Info: ../content/geometry/lineDistance.pdf  used on input line 11.
(pdftex.def)             Requested size: 42.67912pt x 42.68211pt.
)
runsystem(rm -f kactl.tmp)...executed.

runsystem(python2 kactlprocessor.py -i "../content/geometry/SegmentDistance.h" -o kactl.tmp )...executed.

 (./kactl.tmp
<../content/geometry/SegmentDistance.pdf, id=244, 42.67899pt x 42.67899pt>
File: ../content/geometry/SegmentDistance.pdf Graphic file (type pdf)
<use ../content/geometry/SegmentDistance.pdf>
Package pdftex.def Info: ../content/geometry/SegmentDistance.pdf  used on input line 14.
(pdftex.def)             Requested size: 42.67912pt x 42.68211pt.
)
runsystem(rm -f kactl.tmp)...executed.

runsystem(python2 kactlprocessor.py -i "../content/geometry/SegmentIntersection.h" -o kactl.tmp )...executed.

 (./kactl.tmp
<../content/geometry/SegmentIntersection.pdf, id=245, 42.67899pt x 42.67899pt>
File: ../content/geometry/SegmentIntersection.pdf Graphic file (type pdf)
<use ../content/geometry/SegmentIntersection.pdf>
Package pdftex.def Info: ../content/geometry/SegmentIntersection.pdf  used on input line 18.
(pdftex.def)             Requested size: 42.67912pt x 42.68211pt.
)
runsystem(rm -f kactl.tmp)...executed.

runsystem(python2 kactlprocessor.py -i "../content/geometry/SegmentIntersectionQ.h" -o kactl.tmp )...executed.

 (./kactl.tmp)
runsystem(rm -f kactl.tmp)...executed.

runsystem(python2 kactlprocessor.py -i "../content/geometry/lineIntersection.h" -o kactl.tmp )...executed.

 (./kactl.tmp
<../content/geometry/lineIntersection.pdf, id=246, 42.67899pt x 42.67899pt>
File: ../content/geometry/lineIntersection.pdf Graphic file (type pdf)
<use ../content/geometry/lineIntersection.pdf>
Package pdftex.def Info: ../content/geometry/lineIntersection.pdf  used on input line 14.
(pdftex.def)             Requested size: 42.67912pt x 42.68211pt.
)
runsystem(rm -f kactl.tmp)...executed.

runsystem(python2 kactlprocessor.py -i "../content/geometry/sideOf.h" -o kactl.tmp )...executed.

 (./kactl.tmp)
runsystem(rm -f kactl.tmp)...executed.

runsystem(python2 kactlprocessor.py -i "../content/geometry/onSegment.h" -o kactl.tmp )...executed.

 (./kactl.tmp)
runsystem(rm -f kactl.tmp)...executed.

runsystem(python2 kactlprocessor.py -i "../content/geometry/linearTransformation.h" -o kactl.tmp )...executed.

 (./kactl.tmp
<../content/geometry/linearTransformation.pdf, id=247, 42.67899pt x 42.67899pt>
File: ../content/geometry/linearTransformation.pdf Graphic file (type pdf)
<use ../content/geometry/linearTransformation.pdf>
Package pdftex.def Info: ../content/geometry/linearTransformation.pdf  used on input line 13.
(pdftex.def)             Requested size: 42.67912pt x 42.68211pt.
)
runsystem(rm -f kactl.tmp)...executed.

runsystem(python2 kactlprocessor.py -i "../content/geometry/Angle.h" -o kactl.tmp )...executed.

 (./kactl.tmp
Underfull \hbox (badness 10000) in paragraph at lines 9--9
\OT1/pcr/m/n/7 // sweeps j such that (j-i) represents the number of positively
 []

runsystem(python2 kactlprocessor.py --print-header "linearTransformation.h|Angle.h" -o header2.tmp)...executed.

(./header2.tmp) [16 <../content/geometry/lineDistance.pdf> <../content/geometry/SegmentDistance.pdf> <../content/geometry/SegmentIntersection.pdf> <../content/geometry/lineIntersection.pdf> <../content/geometry/linearTransformation.pdf>])
runsystem(rm -f kactl.tmp)...executed.

runsystem(python2 kactlprocessor.py -i "../content/geometry/CircleIntersection.h" -o kactl.tmp )...executed.

 (./kactl.tmp)
runsystem(rm -f kactl.tmp)...executed.

runsystem(python2 kactlprocessor.py -i "../content/geometry/circleTangents.h" -o kactl.tmp )...executed.

 (./kactl.tmp
<../content/geometry/circleTangents.pdf, id=417, 42.67899pt x 42.67899pt>
File: ../content/geometry/circleTangents.pdf Graphic file (type pdf)
<use ../content/geometry/circleTangents.pdf>
Package pdftex.def Info: ../content/geometry/circleTangents.pdf  used on input line 13.
(pdftex.def)             Requested size: 42.67912pt x 42.68211pt.
)
runsystem(rm -f kactl.tmp)...executed.

runsystem(python2 kactlprocessor.py -i "../content/geometry/circumcircle.h" -o kactl.tmp )...executed.

 (./kactl.tmp
<../content/geometry/circumcircle.pdf, id=418, 42.67899pt x 42.67899pt>
File: ../content/geometry/circumcircle.pdf Graphic file (type pdf)
<use ../content/geometry/circumcircle.pdf>
Package pdftex.def Info: ../content/geometry/circumcircle.pdf  used on input line 12.
(pdftex.def)             Requested size: 42.67912pt x 42.68211pt.
)
runsystem(rm -f kactl.tmp)...executed.

runsystem(python2 kactlprocessor.py -i "../content/geometry/MinimumEnclosingCircle.h" -o kactl.tmp )...executed.

 (./kactl.tmp)
runsystem(rm -f kactl.tmp)...executed.

runsystem(python2 kactlprocessor.py -i "../content/geometry/insidePolygon.h" -o kactl.tmp )...executed.

 (./kactl.tmp)
runsystem(rm -f kactl.tmp)...executed.

runsystem(python2 kactlprocessor.py -i "../content/geometry/PolygonArea.h" -o kactl.tmp )...executed.

 (./kactl.tmp)
runsystem(rm -f kactl.tmp)...executed.

runsystem(python2 kactlprocessor.py -i "../content/geometry/PolygonCenter.h" -o kactl.tmp )...executed.

 (./kactl.tmp)
runsystem(rm -f kactl.tmp)...executed.

runsystem(python2 kactlprocessor.py -i "../content/geometry/PolygonCut.h" -o kactl.tmp )...executed.

 (./kactl.tmp
<../content/geometry/PolygonCut.pdf, id=419, 42.67899pt x 42.67899pt>
File: ../content/geometry/PolygonCut.pdf Graphic file (type pdf)
<use ../content/geometry/PolygonCut.pdf>
Package pdftex.def Info: ../content/geometry/PolygonCut.pdf  used on input line 15.
(pdftex.def)             Requested size: 42.67912pt x 42.68211pt.
runsystem(python2 kactlprocessor.py --print-header "PolygonCut.h|PolygonCut.h" -o header2.tmp)...executed.

 (./header2.tmp) [17 <../content/geometry/circleTangents.pdf> <../content/geometry/circumcircle.pdf> <../content/geometry/PolygonCut.pdf>])
runsystem(rm -f kactl.tmp)...executed.

runsystem(python2 kactlprocessor.py -i "../content/geometry/ConvexHull.h" -o kactl.tmp )...executed.

 (./kactl.tmp
<../content/geometry/ConvexHull.pdf, id=520, 42.67899pt x 42.67899pt>
File: ../content/geometry/ConvexHull.pdf Graphic file (type pdf)
<use ../content/geometry/ConvexHull.pdf>
Package pdftex.def Info: ../content/geometry/ConvexHull.pdf  used on input line 16.
(pdftex.def)             Requested size: 42.67912pt x 42.68211pt.
)
runsystem(rm -f kactl.tmp)...executed.

runsystem(python2 kactlprocessor.py -i "../content/geometry/PolygonDiameter.h" -o kactl.tmp )...executed.

 (./kactl.tmp)
runsystem(rm -f kactl.tmp)...executed.

runsystem(python2 kactlprocessor.py -i "../content/geometry/PointInsideHull.h" -o kactl.tmp )...executed.

 (./kactl.tmp)
runsystem(rm -f kactl.tmp)...executed.

runsystem(python2 kactlprocessor.py -i "../content/geometry/LineHullIntersection.h" -o kactl.tmp )...executed.

 (./kactl.tmp
LaTeX Font Info:    Font shape `OMS/cmr/m/n' in size <7> not available
(Font)              Font shape `OMS/cmsy/m/n' tried instead on input line 15.
)
runsystem(rm -f kactl.tmp)...executed.

runsystem(python2 kactlprocessor.py -i "../content/geometry/closestPair.h" -o kactl.tmp )...executed.

 (./kactl.tmp
runsystem(python2 kactlprocessor.py --print-header "closestPair.h|closestPair.h" -o header2.tmp)...executed.

 (./header2.tmp) [18 <../content/geometry/ConvexHull.pdf>])
runsystem(rm -f kactl.tmp)...executed.

runsystem(python2 kactlprocessor.py -i "../content/geometry/kdTree.h" -o kactl.tmp )...executed.

 (./kactl.tmp)
runsystem(rm -f kactl.tmp)...executed.

runsystem(python2 kactlprocessor.py -i "../content/geometry/DelaunayTriangulation.h" -o kactl.tmp )...executed.

 (./kactl.tmp)
runsystem(rm -f kactl.tmp)...executed.

runsystem(python2 kactlprocessor.py -i "../content/geometry/PolyhedronVolume.h" -o kactl.tmp )...executed.

 (./kactl.tmp)
runsystem(rm -f kactl.tmp)...executed.

runsystem(python2 kactlprocessor.py -i "../content/geometry/Point3D.h" -o kactl.tmp )...executed.

 (./kactl.tmp)
runsystem(rm -f kactl.tmp)...executed.

runsystem(python2 kactlprocessor.py -i "../content/geometry/3dHull.h" -o kactl.tmp )...executed.

 (./kactl.tmp
runsystem(python2 kactlprocessor.py --print-header "3dHull.h|3dHull.h" -o header2.tmp)...executed.

 (./header2.tmp) [19])
runsystem(rm -f kactl.tmp)...executed.

runsystem(python2 kactlprocessor.py -i "../content/geometry/sphericalDistance.h" -o kactl.tmp )...executed.

 (./kactl.tmp)) (../content/strings/chapter.tex
Chapter 9.
runsystem(rm -f kactl.tmp)...executed.

runsystem(python2 kactlprocessor.py -i "../content/strings/AhoCorasick.h" -o kactl.tmp )...executed.

(./kactl.tmp
Underfull \hbox (badness 10000) in paragraph at lines 6--6
\OT1/cmr/bx/n/7 Usage: \OT1/pcr/m/n/7 This is an offline Algorithm, Pass the vector of
 []


Underfull \hbox (badness 10000) in paragraph at lines 6--6
\OT1/pcr/m/n/7 patterns to Trie.init(v), find function returns the number
 []

)
runsystem(rm -f kactl.tmp)...executed.

runsystem(python2 kactlprocessor.py -i "../content/strings/PalindromeTree.h" -o kactl.tmp )...executed.

 (./kactl.tmp)
runsystem(rm -f kactl.tmp)...executed.

runsystem(python2 kactlprocessor.py -i "../content/strings/Manacher.h" -o kactl.tmp )...executed.

 (./kactl.tmp
runsystem(python2 kactlprocessor.py --print-header "Manacher.h|Manacher.h" -o header2.tmp)...executed.

 (./header2.tmp) [20])
runsystem(rm -f kactl.tmp)...executed.

runsystem(python2 kactlprocessor.py -i "../content/strings/SuffixArray.h" -o kactl.tmp )...executed.

 (./kactl.tmp)
runsystem(rm -f kactl.tmp)...executed.

runsystem(python2 kactlprocessor.py -i "../content/strings/SuffixTree.h" -o kactl.tmp )...executed.

 (./kactl.tmp)
runsystem(rm -f kactl.tmp)...executed.

runsystem(python2 kactlprocessor.py -i "../content/strings/SuffixAutomaton.h" -o kactl.tmp )...executed.

 (./kactl.tmp
runsystem(python2 kactlprocessor.py --print-header "SuffixAutomaton.h|SuffixAutomaton.h" -o header2.tmp)...executed.

 (./header2.tmp) [21])
runsystem(rm -f kactl.tmp)...executed.

runsystem(python2 kactlprocessor.py -i "../content/strings/Hashing.h" -o kactl.tmp )...executed.

 (./kactl.tmp)
runsystem(rm -f kactl.tmp)...executed.

runsystem(python2 kactlprocessor.py -i "../content/strings/Z.h" -o kactl.tmp )...executed.

 (./kactl.tmp)
runsystem(rm -f kactl.tmp)...executed.

runsystem(python2 kactlprocessor.py -i "../content/strings/KMP.h" -o kactl.tmp )...executed.

 (./kactl.tmp)
runsystem(rm -f kactl.tmp)...executed.

runsystem(python2 kactlprocessor.py -i "../content/strings/MinRotation.h" -o kactl.tmp )...executed.

 (./kactl.tmp)) (../content/various/chapter.tex
Chapter 10.
runsystem(rm -f kactl.tmp)...executed.

runsystem(python2 kactlprocessor.py -i "../content/various/IntervalContainer.h" -o kactl.tmp )...executed.

(./kactl.tmp)
runsystem(rm -f kactl.tmp)...executed.

runsystem(python2 kactlprocessor.py -i "../content/various/IntervalCover.h" -o kactl.tmp )...executed.

 (./kactl.tmp)
runsystem(python2 kactlprocessor.py --print-header "IntervalCover.h|IntervalCover.h" -o header2.tmp)...executed.

 (./header2.tmp) [22]
runsystem(rm -f kactl.tmp)...executed.

runsystem(python2 kactlprocessor.py -i "../content/various/ConstantIntervals.h" -o kactl.tmp )...executed.

 (./kactl.tmp
Underfull \hbox (badness 10000) in paragraph at lines 7--7
\OT1/cmr/bx/n/7 Usage: \OT1/pcr/m/n/7 constantIntervals(0, sz(v), [&](int x)\OMS/cmsy/m/n/7 f\OT1/pcr/m/n/7 return v[x];\OMS/cmsy/m/n/7 g\OT1/pcr/m/n/7 ,
 []

)
runsystem(rm -f kactl.tmp)...executed.

runsystem(python2 kactlprocessor.py -i "../content/various/Karatsuba.h" -o kactl.tmp )...executed.

 (./kactl.tmp)
runsystem(rm -f kactl.tmp)...executed.

runsystem(python2 kactlprocessor.py -i "../content/various/Josephus.h" -o kactl.tmp )...executed.

 (./kactl.tmp)
runsystem(rm -f kactl.tmp)...executed.

runsystem(python2 kactlprocessor.py -i "../content/various/DivideAndConquerDP.h" -o kactl.tmp )...executed.

 (./kactl.tmp)
runsystem(rm -f kactl.tmp)...executed.

runsystem(python2 kactlprocessor.py -i "../content/various/KnuthDP.h" -o kactl.tmp )...executed.

 (./kactl.tmp)
runsystem(rm -f kactl.tmp)...executed.

runsystem(python2 kactlprocessor.py -i "../content/various/wqsBinaryDP.h" -o kactl.tmp )...executed.

 (./kactl.tmp)
runsystem(rm -f kactl.tmp)...executed.

runsystem(python2 kactlprocessor.py -i "../content/various/java.java" -o kactl.tmp -l raw)...executed.

 (./kactl.tmp)
LaTeX Font Info:    Font shape `OMS/pcr/m/n' in size <10> not available
(Font)              Font shape `OMS/cmsy/m/n' tried instead on input line 23.
runsystem(python2 kactlprocessor.py --print-header "|java.java" -o header2.tmp)...executed.

 (./header2.tmp) [23])
runsystem(python2 kactlprocessor.py --print-header "|java.java" -o header2.tmp)...executed.

 (./header2.tmp) [24] (../content/appendix/chapter.tex
Chapter A.
runsystem(rm -f kactl.tmp)...executed.

runsystem(python2 kactlprocessor.py -i "../content/appendix/techniques.txt" -o kactl.tmp -l raw)...executed.

(./kactl.tmp))
runsystem(python2 kactlprocessor.py --print-header "|techniques.txt" -o header2.tmp)...executed.

 (./header2.tmp) [25]
\tf@ptc=\write3
\openout3 = `UPC.ptc'.

runsystem(rm -f header.tmp)...executed.

runsystem(rm -f header2.tmp)...executed.

runsystem(rm -f kactl.tmp)...executed.

 (./UPC.aux) ) 
Here is how much of TeX's memory you used:
 9656 strings out of 492642
 126228 string characters out of 6135567
 1104928 words of memory out of 5000000
 13091 multiletter control sequences out of 15000+600000
 11223 words of font info for 44 fonts, out of 8000000 for 9000
 1141 hyphenation exceptions out of 8191
 41i,15n,60p,676b,1957s stack positions out of 5000i,500n,10000p,200000b,80000s
{/usr/share/texmf-dist/fonts/enc/dvips/base/8r.enc}</usr/share/texmf-dist/fonts/type1/public/amsfonts/cm/cmbx10.pfb></usr/share/texmf-dist/fonts/type1/public/amsfonts/cm/cmbx12.pfb></usr/share/texmf-dist/fonts/type1/public/amsfonts/cm/cmbx7.pfb></usr/share/texmf-dist/fonts/type1/public/amsfonts/cm/cmex10.pfb></usr/share/texmf-dist/fonts/type1/public/amsfonts/cmextra/cmex7.pfb></usr/share/texmf-dist/fonts/type1/public/amsfonts/cm/cmmi10.pfb></usr/share/texmf-dist/fonts/type1/public/amsfonts/cm/cmmi5.pfb></usr/share/texmf-dist/fonts/type1/public/amsfonts/cm/cmmi7.pfb></usr/share/texmf-dist/fonts/type1/public/amsfonts/cm/cmr10.pfb></usr/share/texmf-dist/fonts/type1/public/amsfonts/cm/cmr12.pfb></usr/share/texmf-dist/fonts/type1/public/amsfonts/cm/cmr17.pfb></usr/share/texmf-dist/fonts/type1/public/amsfonts/cm/cmr5.pfb></usr/share/texmf-dist/fonts/type1/public/amsfonts/cm/cmr7.pfb></usr/share/texmf-dist/fonts/type1/public/amsfonts/cm/cmsy10.pfb></usr/share/texmf-dist/fonts/type1/public/amsfonts/cm/cmsy5.pfb></usr/share/texmf-dist/fonts/type1/public/amsfonts/cm/cmsy7.pfb></usr/share/texmf-dist/fonts/type1/public/amsfonts/cm/cmti10.pfb></usr/share/texmf-dist/fonts/type1/public/amsfonts/cm/cmti7.pfb></usr/share/texmf-dist/fonts/type1/public/amsfonts/symbols/msbm10.pfb></usr/share/texmf-dist/fonts/type1/public/amsfonts/symbols/msbm7.pfb></usr/share/texmf-dist/fonts/type1/urw/courier/ucrr8a.pfb>
Output written on UPC.pdf (26 pages, 2260562 bytes).
PDF statistics:
 644 PDF objects out of 1000 (max. 8388607)
 413 compressed objects within 5 object streams
 0 named destinations out of 1000 (max. 500000)
 56 words of extra memory for PDF output out of 10000 (max. 10000000)

